[2026-02-07 11:25:43 UTC] [canonical_v1] === Starting canonical pipeline (v1) ===
[2026-02-07 11:25:43 UTC] [canonical_v1] Loading ingestion outputs...
[2026-02-07 11:25:44 UTC] [canonical_v1] Cleaning prices...
[2026-02-07 11:25:44 UTC] [canonical_v1] Cleaning fundamentals...
[2026-02-07 11:25:45 UTC] [canonical_v1] Cleaning risk model...
[2026-02-07 11:25:45 UTC] [canonical_v1] Building expected returns (minimal)...
[2026-02-07 11:25:45 UTC] [canonical_v1] Building alpha (minimal)...
[2026-02-07 11:25:45 UTC] [canonical_v1] Building dashboard inputs...
[2026-02-07 11:29:05 UTC] [canonical_v1] === Starting canonical pipeline (v1) ===
[2026-02-07 11:29:05 UTC] [canonical_v1] Loading ingestion outputs...
[2026-02-07 11:29:05 UTC] [canonical_v1] Cleaning prices...
[2026-02-07 11:29:06 UTC] [canonical_v1] Cleaning fundamentals...
[2026-02-07 11:29:07 UTC] [canonical_v1] Cleaning risk model...
[2026-02-07 11:29:07 UTC] [canonical_v1] Building expected returns (minimal)...
[2026-02-07 11:29:07 UTC] [canonical_v1] Building alpha (minimal)...
[2026-02-07 11:29:07 UTC] [canonical_v1] Building dashboard inputs...
[2026-02-07 11:52:37 UTC] [canonical_v1] === Starting canonical pipeline (v1) ===
[2026-02-07 11:52:37 UTC] [canonical_v1] Loading ingestion outputs...
[2026-02-07 11:52:38 UTC] [canonical_v1] Cleaning prices...
[2026-02-07 11:52:38 UTC] [canonical_v1] Cleaning fundamentals...
[2026-02-07 11:52:39 UTC] [canonical_v1] Cleaning risk model...
[2026-02-07 11:52:39 UTC] [canonical_v1] Building expected returns (minimal)...
[2026-02-07 11:52:40 UTC] [canonical_v1] Building alpha (minimal)...
[2026-02-07 11:52:40 UTC] [canonical_v1] Building dashboard inputs...
[2026-02-07 11:52:40 UTC] [canonical_v1] Backed up C:\Quant\data\canonical\prices.parquet -> C:\Quant\data\canonical\prices.parquet.bak.20260207_115240
[2026-02-07 11:52:40 UTC] [canonical_v1] Wrote canonical file: C:\Quant\data\canonical\prices.parquet
[2026-02-07 11:52:41 UTC] [canonical_v1] Backed up C:\Quant\data\canonical\fundamentals.parquet -> C:\Quant\data\canonical\fundamentals.parquet.bak.20260207_115241
[2026-02-07 11:52:41 UTC] [canonical_v1] Wrote canonical file: C:\Quant\data\canonical\fundamentals.parquet
[2026-02-07 11:52:41 UTC] [canonical_v1] Backed up C:\Quant\data\canonical\risk_model.parquet -> C:\Quant\data\canonical\risk_model.parquet.bak.20260207_115241
[2026-02-07 11:52:41 UTC] [canonical_v1] Wrote canonical file: C:\Quant\data\canonical\risk_model.parquet
[2026-02-07 11:52:41 UTC] [canonical_v1] Backed up C:\Quant\data\canonical\expected_returns_quant_v1.parquet -> C:\Quant\data\canonical\expected_returns_quant_v1.parquet.bak.20260207_115241
[2026-02-07 11:52:41 UTC] [canonical_v1] Wrote canonical file: C:\Quant\data\canonical\expected_returns_quant_v1.parquet
[2026-02-07 11:52:41 UTC] [canonical_v1] Backed up C:\Quant\data\canonical\alpha_quant_v2.parquet -> C:\Quant\data\canonical\alpha_quant_v2.parquet.bak.20260207_115241
[2026-02-07 11:52:41 UTC] [canonical_v1] Wrote canonical file: C:\Quant\data\canonical\alpha_quant_v2.parquet
[2026-02-07 11:52:41 UTC] [canonical_v1] Backed up C:\Quant\data\canonical\quant_dashboard_inputs_v2.csv -> C:\Quant\data\canonical\quant_dashboard_inputs_v2.csv.bak.20260207_115241
[2026-02-07 11:52:41 UTC] [canonical_v1] Wrote canonical dashboard inputs: C:\Quant\data\canonical\quant_dashboard_inputs_v2.csv
[2026-02-07 11:52:41 UTC] [canonical_v1] === Canonical pipeline completed successfully ===
