2026-02-16T15:33:51.732467Z	unit_detect name=realized_return median_abs=0.00921809 decision=decimal
2026-02-16T15:33:51.865054Z	unit_detect name=realized_return median_abs=0.00921809 decision=decimal
2026-02-16T15:33:52.348741Z	unit_detect name=weight_trading_v2 median_abs=0.00315749 decision=decimal
2026-02-16T15:33:52.439102Z	unit_detect name=weight_trading_v2 median_abs=0.00315749 decision=decimal
2026-02-16T15:34:13.941100Z	unit_detect name=realized_return median_abs=0.00921809 decision=decimal
2026-02-16T15:34:14.137307Z	unit_detect name=weight_trading_v2 median_abs=0.00315749 decision=decimal
2026-02-16T15:34:14.298383Z	unit_detect name=realized_return median_abs=0.00921809 decision=decimal
2026-02-16T15:34:14.666121Z	unit_detect name=weight_trading_v2 median_abs=0.00315749 decision=decimal
2026-02-16T15:34:15.957671Z	unit_detect name=realized_return median_abs=0.00921809 decision=decimal
2026-02-16T15:34:16.144511Z	unit_detect name=weight_trading_v2 median_abs=0.00315749 decision=decimal
2026-02-16T15:34:18.654288Z	persisted w_daily rows=680604 calendar=B
2026-02-16T15:34:18.843271Z	persisted w_daily rows=680604 calendar=B
2026-02-16T15:34:19.435721Z	persisted w_daily rows=680604 calendar=B
2026-02-16T15:34:19.436183Z	persisted w_daily rows=680604 calendar=B
2026-02-16T15:34:19.795657Z	persisted w_daily rows=680604 calendar=B
2026-02-16T15:34:22.715293Z	persisted merged_attribution rows=680604
2026-02-16T15:34:10.813059Z	persisted merged_attribution rows=680604
2026-02-16T15:34:11.630492Z	persisted merged_attribution rows=680604
2026-02-16T15:34:11.689487Z	persisted merged_attribution rows=680604
2026-02-16T15:34:11.689710Z	persisted merged_attribution rows=680604
2026-02-16T15:34:12.320267Z	persisted perf freq=W rows=264 unit_decision=decimal suspicious_count=94
2026-02-16T15:34:12.371473Z	suspicious_periods=94 unit_decision=decimal samples=[{'date': Timestamp('2021-01-10 00:00:00'), 'period_return': 1457406480.1040616, 'period_return_pct': 145740648010.40616, 'flag_suspicious': True, 'unit_decision': 'decimal', 'suspicious_count': 94}, {'date': Timestamp('2021-02-07 00:00:00'), 'period_return': 31003530951.958317, 'period_return_pct': 3100353095195.8315, 'flag_suspicious': True, 'unit_decision': 'decimal', 'suspicious_count': 94}, {'date': Timestamp('2021-02-14 00:00:00'), 'period_return': 23443.795945396603, 'period_return_pct': 2344379.5945396605, 'flag_suspicious': True, 'unit_decision': 'decimal', 'suspicious_count': 94}, {'date': Timestamp('2021-03-07 00:00:00'), 'period_return': 485.0172393329832, 'period_return_pct': 48501.72393329832, 'flag_suspicious': True, 'unit_decision': 'decimal', 'suspicious_count': 94}, {'date': Timestamp('2021-03-14 00:00:00'), 'period_return': 12750507.397056019, 'period_return_pct': 1275050739.705602, 'flag_suspicious': True, 'unit_decision': 'decimal', 'suspicious_count': 94}, {'date': Timestamp('2021-03-28 00:00:00'), 'period_return': 917.5728975488578, 'period_return_pct': 91757.28975488577, 'flag_suspicious': True, 'unit_decision': 'decimal', 'suspicious_count': 94}, {'date': Timestamp('2021-04-11 00:00:00'), 'period_return': 1625.462360971237, 'period_return_pct': 162546.2360971237, 'flag_suspicious': True, 'unit_decision': 'decimal', 'suspicious_count': 94}, {'date': Timestamp('2021-04-18 00:00:00'), 'period_return': 2061.702190997889, 'period_return_pct': 206170.2190997889, 'flag_suspicious': True, 'unit_decision': 'decimal', 'suspicious_count': 94}, {'date': Timestamp('2021-05-09 00:00:00'), 'period_return': 4579.916231962858, 'period_return_pct': 457991.62319628574, 'flag_suspicious': True, 'unit_decision': 'decimal', 'suspicious_count': 94}, {'date': Timestamp('2021-05-30 00:00:00'), 'period_return': 529.5988699186951, 'period_return_pct': 52959.886991869505, 'flag_suspicious': True, 'unit_decision': 'decimal', 'suspicious_count': 94}]
2026-02-16T15:34:12.413175Z	perf_suspicious_count=94 unit_decision=decimal
2026-02-16T15:34:12.753810Z	persisted perf freq=W rows=264 unit_decision=decimal suspicious_count=94
2026-02-16T15:34:12.823465Z	suspicious_periods=94 unit_decision=decimal samples=[{'date': Timestamp('2021-01-10 00:00:00'), 'period_return': 1457406480.1040616, 'period_return_pct': 145740648010.40616, 'flag_suspicious': True, 'unit_decision': 'decimal', 'suspicious_count': 94}, {'date': Timestamp('2021-02-07 00:00:00'), 'period_return': 31003530951.958317, 'period_return_pct': 3100353095195.8315, 'flag_suspicious': True, 'unit_decision': 'decimal', 'suspicious_count': 94}, {'date': Timestamp('2021-02-14 00:00:00'), 'period_return': 23443.795945396603, 'period_return_pct': 2344379.5945396605, 'flag_suspicious': True, 'unit_decision': 'decimal', 'suspicious_count': 94}, {'date': Timestamp('2021-03-07 00:00:00'), 'period_return': 485.0172393329832, 'period_return_pct': 48501.72393329832, 'flag_suspicious': True, 'unit_decision': 'decimal', 'suspicious_count': 94}, {'date': Timestamp('2021-03-14 00:00:00'), 'period_return': 12750507.397056019, 'period_return_pct': 1275050739.705602, 'flag_suspicious': True, 'unit_decision': 'decimal', 'suspicious_count': 94}, {'date': Timestamp('2021-03-28 00:00:00'), 'period_return': 917.5728975488578, 'period_return_pct': 91757.28975488577, 'flag_suspicious': True, 'unit_decision': 'decimal', 'suspicious_count': 94}, {'date': Timestamp('2021-04-11 00:00:00'), 'period_return': 1625.462360971237, 'period_return_pct': 162546.2360971237, 'flag_suspicious': True, 'unit_decision': 'decimal', 'suspicious_count': 94}, {'date': Timestamp('2021-04-18 00:00:00'), 'period_return': 2061.702190997889, 'period_return_pct': 206170.2190997889, 'flag_suspicious': True, 'unit_decision': 'decimal', 'suspicious_count': 94}, {'date': Timestamp('2021-05-09 00:00:00'), 'period_return': 4579.916231962858, 'period_return_pct': 457991.62319628574, 'flag_suspicious': True, 'unit_decision': 'decimal', 'suspicious_count': 94}, {'date': Timestamp('2021-05-30 00:00:00'), 'period_return': 529.5988699186951, 'period_return_pct': 52959.886991869505, 'flag_suspicious': True, 'unit_decision': 'decimal', 'suspicious_count': 94}]
2026-02-16T15:34:12.881768Z	perf_suspicious_count=94 unit_decision=decimal
2026-02-16T15:35:26.318648Z	unit_detect name=realized_return median_abs=0.00921809 decision=decimal
2026-02-16T15:35:26.366972Z	unit_detect name=weight_trading_v2 median_abs=0.00315749 decision=decimal
2026-02-16T15:35:29.114518Z	persisted merged_attribution rows=680604
2026-02-16T15:35:30.331127Z	persisted perf freq=W rows=264 unit_decision=decimal suspicious_count=94
2026-02-16T15:35:30.391052Z	suspicious_periods=94 unit_decision=decimal samples=[{'date': Timestamp('2021-01-10 00:00:00'), 'period_return': 1457406480.1040616, 'period_return_pct': 145740648010.40616, 'flag_suspicious': True, 'unit_decision': 'decimal', 'suspicious_count': 94}, {'date': Timestamp('2021-02-07 00:00:00'), 'period_return': 31003530951.958317, 'period_return_pct': 3100353095195.8315, 'flag_suspicious': True, 'unit_decision': 'decimal', 'suspicious_count': 94}, {'date': Timestamp('2021-02-14 00:00:00'), 'period_return': 23443.795945396603, 'period_return_pct': 2344379.5945396605, 'flag_suspicious': True, 'unit_decision': 'decimal', 'suspicious_count': 94}, {'date': Timestamp('2021-03-07 00:00:00'), 'period_return': 485.0172393329832, 'period_return_pct': 48501.72393329832, 'flag_suspicious': True, 'unit_decision': 'decimal', 'suspicious_count': 94}, {'date': Timestamp('2021-03-14 00:00:00'), 'period_return': 12750507.397056019, 'period_return_pct': 1275050739.705602, 'flag_suspicious': True, 'unit_decision': 'decimal', 'suspicious_count': 94}, {'date': Timestamp('2021-03-28 00:00:00'), 'period_return': 917.5728975488578, 'period_return_pct': 91757.28975488577, 'flag_suspicious': True, 'unit_decision': 'decimal', 'suspicious_count': 94}, {'date': Timestamp('2021-04-11 00:00:00'), 'period_return': 1625.462360971237, 'period_return_pct': 162546.2360971237, 'flag_suspicious': True, 'unit_decision': 'decimal', 'suspicious_count': 94}, {'date': Timestamp('2021-04-18 00:00:00'), 'period_return': 2061.702190997889, 'period_return_pct': 206170.2190997889, 'flag_suspicious': True, 'unit_decision': 'decimal', 'suspicious_count': 94}, {'date': Timestamp('2021-05-09 00:00:00'), 'period_return': 4579.916231962858, 'period_return_pct': 457991.62319628574, 'flag_suspicious': True, 'unit_decision': 'decimal', 'suspicious_count': 94}, {'date': Timestamp('2021-05-30 00:00:00'), 'period_return': 529.5988699186951, 'period_return_pct': 52959.886991869505, 'flag_suspicious': True, 'unit_decision': 'decimal', 'suspicious_count': 94}]
2026-02-16T15:35:50.962141Z	unit_detect name=realized_return median_abs=0.00921809 decision=decimal
2026-02-16T15:35:51.024650Z	unit_detect name=weight_trading_v2 median_abs=0.00315749 decision=decimal
2026-02-16T15:35:53.065691Z	persisted merged_attribution rows=680604
2026-02-16T15:36:11.398206Z	unit_detect name=realized_return median_abs=0.00921809 decision=decimal
2026-02-16T15:36:11.454100Z	unit_detect name=weight_trading_v2 median_abs=0.00315749 decision=decimal
2026-02-16T15:36:11.454371Z	unit_detect name=realized_return median_abs=0.00921809 decision=decimal
2026-02-16T15:36:11.509486Z	unit_detect name=weight_trading_v2 median_abs=0.00315749 decision=decimal
2026-02-16T15:36:14.465448Z	persisted merged_attribution rows=680604
2026-02-16T15:36:14.564684Z	persisted merged_attribution rows=680604
2026-02-16T15:56:04.144551Z	persisted perf freq=W rows=264 flagged_periods=0 unit_decision=decimal
2026-02-16T15:56:04.155008Z	recompute_perf_safe completed rows=264 flagged_periods=0 max_abs_pct=8.640572980193213
2026-02-16T15:59:13.207405Z	unit_detect name=realized_return median_abs=0.00921809 decision=decimal
2026-02-16T15:59:13.258826Z	unit_detect name=realized_return median_abs=0.00921809 decision=decimal
2026-02-16T15:59:13.259044Z	unit_detect name=weight_trading_v2 median_abs=0.00315749 decision=decimal
2026-02-16T15:59:13.311765Z	unit_detect name=weight_trading_v2 median_abs=0.00315749 decision=decimal
2026-02-16T15:59:18.857168Z	persisted merged_attribution rows=680604
2026-02-16T15:59:19.119204Z	persisted merged_attribution rows=680604
2026-02-16T15:59:19.560956Z	persisted perf freq=W rows=264 flagged_periods=0 unit_decision=decimal
2026-02-16T15:59:32.260795Z	unit_detect name=realized_return median_abs=0.00921809 decision=decimal
2026-02-16T15:59:32.260982Z	unit_detect name=realized_return median_abs=0.00921809 decision=decimal
2026-02-16T15:59:32.315895Z	unit_detect name=weight_trading_v2 median_abs=0.00315749 decision=decimal
2026-02-16T15:59:32.316141Z	unit_detect name=weight_trading_v2 median_abs=0.00315749 decision=decimal
2026-02-16T15:59:37.485152Z	persisted merged_attribution rows=680604
2026-02-16T15:59:37.652659Z	persisted merged_attribution rows=680604
2026-02-16T16:00:00.194242Z	unit_detect name=realized_return median_abs=0.00921809 decision=decimal
2026-02-16T16:00:00.250765Z	unit_detect name=weight_trading_v2 median_abs=0.00315749 decision=decimal
2026-02-16T16:00:03.471085Z	persisted merged_attribution rows=680604
2026-02-16T16:00:04.270644Z	persisted perf freq=W rows=264 flagged_periods=0 unit_decision=decimal
2026-02-16T16:00:14.682725Z	unit_detect name=realized_return median_abs=0.00921809 decision=decimal
2026-02-16T16:00:14.730727Z	unit_detect name=weight_trading_v2 median_abs=0.00315749 decision=decimal
2026-02-16T16:00:18.460634Z	persisted merged_attribution rows=680604
2026-02-16T16:08:39.056453Z	unit_detect name=realized_return median_abs=0.00921809 decision=decimal
2026-02-16T16:08:39.082989Z	unit_detect name=weight_trading_v2 median_abs=0.00315749 decision=decimal
2026-02-16T16:08:40.314053Z	persisted merged_attribution rows=680604
2026-02-16T16:08:40.684787Z	persisted perf freq=W rows=264 flagged_periods=0 unit_decision=decimal
2026-02-16T16:08:50.232919Z	persisted perf freq=M rows=264 flagged_periods=0 unit_decision=decimal
2026-02-16T16:10:45.148350Z	unit_detect name=realized_return median_abs=0.00921809 decision=decimal
2026-02-16T16:10:45.170717Z	unit_detect name=weight_trading_v2 median_abs=0.00315749 decision=decimal
2026-02-16T16:10:46.008753Z	persisted merged_attribution rows=680604
2026-02-16T16:10:51.271049Z	unit_detect name=realized_return median_abs=0.00921809 decision=decimal
2026-02-16T16:10:51.408915Z	unit_detect name=weight_trading_v2 median_abs=0.00315749 decision=decimal
2026-02-16T16:10:51.517099Z	unit_detect name=realized_return median_abs=0.00921809 decision=decimal
2026-02-16T16:10:51.549583Z	unit_detect name=weight_trading_v2 median_abs=0.00315749 decision=decimal
2026-02-16T16:10:55.052562Z	persisted merged_attribution rows=680604
2026-02-16T16:10:55.315791Z	persisted merged_attribution rows=680604
2026-02-16T16:28:56.515345Z	persisted perf freq=W rows=264 flagged_periods=0 unit_decision=decimal
2026-02-16T16:28:56.523356Z	recompute_perf_safe completed rows=264 flagged_periods=0 max_abs_pct=8.640572980193213
2026-02-16T16:47:04.931599Z	persisted perf freq=W rows=264 flagged_periods=0 unit_decision=decimal
2026-02-16T16:47:04.942188Z	recompute_perf_safe completed rows=264 flagged_periods=0 max_abs_pct=8.640572980193213
2026-02-16T16:51:03.801363Z	unit_detect name=realized_return median_abs=0.00921809 decision=decimal
2026-02-16T16:51:04.932499Z	persisted merged_attribution rows=680604
2026-02-16T16:53:20.630207Z	unit_detect name=realized_return median_abs=0.00921809 decision=decimal
2026-02-16T16:53:22.338226Z	persisted merged_attribution rows=680604
2026-02-16T17:02:03.181043Z	persisted perf freq=W rows=264 flagged_periods=0 unit_decision=decimal
2026-02-16T17:02:03.181043Z	recompute_perf_safe completed rows=264 flagged_periods=0 max_abs_pct=8.640572980193213
2026-02-16T17:02:48.479807Z	MASTER PIPELINE COMPLETED SUCCESSFULLY
2026-02-16T17:02:51.701743Z	MASTER PIPELINE COMPLETED SUCCESSFULLY
2026-02-16T17:02:53.306140Z	unit_detect name=realized_return median_abs=0.00921809 decision=decimal
2026-02-16T17:02:54.563165Z	persisted merged_attribution rows=680604
2026-02-16T17:02:59.647470Z	MASTER PIPELINE COMPLETED SUCCESSFULLY
2026-02-16T17:13:32.055083Z	unit_detect name=realized_return median_abs=0.00921809 decision=decimal
2026-02-16T17:13:34.334397Z	persisted merged_attribution rows=680604
2026-02-16T17:17:45.917119Z	unit_detect name=realized_return median_abs=0.00921809 decision=decimal
2026-02-16T17:17:49.061480Z	persisted merged_attribution rows=680604
2026-02-16T17:26:55.672299Z	unit_detect name=realized_return median_abs=0.00921809 decision=decimal
2026-02-16T17:26:57.754762Z	persisted merged_attribution rows=680604
2026-02-16T17:33:00.004553Z	MASTER PIPELINE COMPLETED SUCCESSFULLY
2026-02-16T17:33:05.946115Z	MASTER PIPELINE COMPLETED SUCCESSFULLY
2026-02-16T17:33:10.485712Z	MASTER PIPELINE COMPLETED SUCCESSFULLY
2026-02-16T17:34:32.607225Z	MASTER PIPELINE COMPLETED SUCCESSFULLY
2026-02-16T17:34:40.227832Z	MASTER PIPELINE COMPLETED SUCCESSFULLY
2026-02-16T17:34:48.430865Z	MASTER PIPELINE COMPLETED SUCCESSFULLY
