2026-02-11T02:00:01.8097102+00:00 INFO	START system freshness / lineage verification
2026-02-11T02:00:01.8256403+00:00 INFO	[FRESHNESS] Ingestion (5y) => 2026-02-09T17:11:47
2026-02-11T02:00:01.8256403+00:00 INFO	[FRESHNESS] Canonical prices => 2026-02-08T10:38:43
2026-02-11T02:00:01.8256403+00:00 INFO	[FRESHNESS] Canonical fundamentals => 2026-02-08T10:38:45
2026-02-11T02:00:01.8256403+00:00 INFO	[FRESHNESS] Canonical risk_model => 2026-02-07T11:52:41
2026-02-11T02:00:01.8256403+00:00 INFO	[FRESHNESS] Analytics weekly picks => 2026-02-06T17:09:54
2026-02-11T02:00:01.8256403+00:00 INFO	[FRESHNESS] Dashboard inputs v2 => 2026-02-07T11:52:41
2026-02-11T02:00:01.8437171+00:00 INFO	[FRESHNESS] Canonical aggregate timestamp => 2026-02-08T10:38:45
2026-02-11T02:00:01.8575378+00:00 WARN	[LINEAGE] Canonical (2026-02-08T10:38:45) is older than Ingestion (5y) (2026-02-09T17:11:47)
2026-02-11T02:00:01.8575378+00:00 WARN	[LINEAGE] Analytics weekly picks (2026-02-06T17:09:54) is older than Canonical (2026-02-08T10:38:45)
2026-02-11T02:00:01.8623426+00:00 INFO	[LINEAGE] Analytics weekly picks -> Dashboard inputs v2 OK
2026-02-11T02:00:01.8643552+00:00 INFO	END system freshness / lineage verification
2026-02-11T02:03:11.3722905+00:00 INFO	Imported predicted longshort rows: 664011
2026-02-11T02:03:11.3956700+00:00 INFO	Imported realized longshort rows: 160
2026-02-11T03:40:05.5694347+00:00 WARN	No matching predicted rows found for longshort (matches: 0).
2026-02-11T03:42:35.5682939+00:00 WARN	Wrote predicted sample to C:\Quant\analysis\diagnostics\predicted_longshort_sample.20260211_020001.csv
2026-02-11T03:42:35.5841796+00:00 WARN	Wrote realized sample to C:\Quant\analysis\diagnostics\realized_longshort_sample.20260211_020001.csv
2026-02-11T03:42:35.5865912+00:00 INFO	Starting longonly verification steps...
2026-02-11T03:42:35.5865912+00:00 INFO	Longonly verification completed.
2026-02-11T03:42:35.5926199+00:00 INFO	Running verification runner...
2026-02-11T03:42:35.5946318+00:00 INFO	Verification runner invoked.
2026-02-11T03:42:35.5966433+00:00 INFO	Starting dashboard weekly parquet refresh via Python...
2026-02-11T03:42:35.8060460+00:00 INFO	Dashboard weekly parquet refresh completed.
2026-02-11T03:42:35.8060460+00:00 INFO	END pipeline success
