2026-02-13T03:00:05.7967774+00:00 INFO	START system freshness / lineage verification
2026-02-13T03:00:05.8858294+00:00 INFO	[FRESHNESS] Ingestion (5y) => 2026-02-12T06:19:16
2026-02-13T03:00:05.8919142+00:00 INFO	[FRESHNESS] Canonical prices => 2026-02-08T10:38:43
2026-02-13T03:00:05.8993471+00:00 INFO	[FRESHNESS] Canonical fundamentals => 2026-02-08T10:38:45
2026-02-13T03:00:05.9033846+00:00 INFO	[FRESHNESS] Canonical risk_model => 2026-02-07T11:52:41
2026-02-13T03:00:05.9115527+00:00 INFO	[FRESHNESS] Analytics weekly picks => 2026-02-06T17:09:54
2026-02-13T03:00:05.9175943+00:00 INFO	[FRESHNESS] Dashboard inputs v2 => 2026-02-07T11:52:41
2026-02-13T03:00:05.9953013+00:00 INFO	[FRESHNESS] Canonical aggregate timestamp => 2026-02-08T10:38:45
2026-02-13T03:00:06.0094657+00:00 WARN	[LINEAGE] Canonical (2026-02-08T10:38:45) is older than Ingestion (5y) (2026-02-12T06:19:16)
2026-02-13T03:00:06.0114795+00:00 WARN	[LINEAGE] Analytics weekly picks (2026-02-06T17:09:54) is older than Canonical (2026-02-08T10:38:45)
2026-02-13T03:00:06.0114795+00:00 INFO	[LINEAGE] Analytics weekly picks -> Dashboard inputs v2 OK
2026-02-13T03:00:06.0114795+00:00 INFO	END system freshness / lineage verification
2026-02-13T03:05:35.1489989+00:00 INFO	Imported predicted longshort rows: 664011
2026-02-13T03:05:35.2811271+00:00 INFO	Imported realized longshort rows: 160
2026-02-13T08:36:44.8986308+00:00 WARN	No matching predicted rows found for longshort (matches: 0).
2026-02-13T08:42:59.8976283+00:00 WARN	Wrote predicted sample to C:\Quant\analysis\diagnostics\predicted_longshort_sample.20260213_030005.csv
2026-02-13T08:42:59.9192511+00:00 WARN	Wrote realized sample to C:\Quant\analysis\diagnostics\realized_longshort_sample.20260213_030005.csv
2026-02-13T08:42:59.9192511+00:00 INFO	Starting longonly verification steps...
2026-02-13T08:42:59.9192511+00:00 INFO	Longonly verification completed.
2026-02-13T08:42:59.9192511+00:00 INFO	Running verification runner...
2026-02-13T08:42:59.9333892+00:00 INFO	Verification runner invoked.
2026-02-13T08:42:59.9333892+00:00 INFO	Starting dashboard weekly parquet refresh via Python...
2026-02-13T08:43:23.5621288+00:00 INFO	Dashboard weekly parquet refresh completed.
2026-02-13T08:43:23.5641403+00:00 INFO	END pipeline success
