2026-02-06T17:26:20.0453089+00:00 INFO	START system freshness / lineage verification
2026-02-06T17:26:20.0602450+00:00 INFO	[FRESHNESS] Ingestion (5y) => 2026-02-06T17:09:17
2026-02-06T17:26:20.0602450+00:00 INFO	[FRESHNESS] Canonical prices => 2026-01-31T10:52:33
2026-02-06T17:26:20.0602450+00:00 INFO	[FRESHNESS] Canonical fundamentals => 2026-01-31T10:58:17
2026-02-06T17:26:20.0602450+00:00 INFO	[FRESHNESS] Canonical risk_model => 2026-01-31T11:51:29
2026-02-06T17:26:20.0602450+00:00 INFO	[FRESHNESS] Analytics weekly picks => 2026-02-06T17:09:54
2026-02-06T17:26:20.0701806+00:00 INFO	[FRESHNESS] Dashboard inputs v2 => 2026-01-25T22:53:54
2026-02-06T17:26:20.1015832+00:00 INFO	[FRESHNESS] Canonical aggregate timestamp => 2026-01-31T11:51:29
2026-02-06T17:26:20.1039573+00:00 WARN	[LINEAGE] Canonical (2026-01-31T11:51:29) is older than Ingestion (5y) (2026-02-06T17:09:17)
2026-02-06T17:26:20.1039573+00:00 INFO	[LINEAGE] Canonical -> Analytics weekly picks OK
2026-02-06T17:26:20.1039573+00:00 WARN	[LINEAGE] Dashboard inputs v2 (2026-01-25T22:53:54) is older than Analytics weekly picks (2026-02-06T17:09:54)
2026-02-06T17:26:20.1039573+00:00 INFO	END system freshness / lineage verification
2026-02-06T17:29:00.8030610+00:00 INFO	Imported predicted longshort rows: 664011
2026-02-06T17:29:00.8671296+00:00 INFO	Imported realized longshort rows: 160
2026-02-06T19:43:45.5005698+00:00 WARN	No matching predicted rows found for longshort (matches: 0).
2026-02-06T19:46:46.7652505+00:00 WARN	Wrote predicted sample to C:\Quant\analysis\diagnostics\predicted_longshort_sample.20260206_172620.csv
2026-02-06T19:46:46.7757693+00:00 WARN	Wrote realized sample to C:\Quant\analysis\diagnostics\realized_longshort_sample.20260206_172620.csv
2026-02-06T19:46:46.8629011+00:00 INFO	Starting longonly verification steps...
2026-02-06T19:46:46.8629011+00:00 INFO	Longonly verification completed.
2026-02-06T19:46:46.8629011+00:00 INFO	Running verification runner...
2026-02-06T19:46:46.8629011+00:00 INFO	Verification runner invoked.
2026-02-06T19:46:46.8629011+00:00 INFO	END pipeline success
