2026-02-11T12:11:42.1975346+00:00 INFO	START system freshness / lineage verification
2026-02-11T12:11:42.2173172+00:00 INFO	[FRESHNESS] Ingestion (5y) => 2026-02-11T07:14:44
2026-02-11T12:11:42.2173172+00:00 INFO	[FRESHNESS] Canonical prices => 2026-02-08T10:38:43
2026-02-11T12:11:42.2173172+00:00 INFO	[FRESHNESS] Canonical fundamentals => 2026-02-08T10:38:45
2026-02-11T12:11:42.2255727+00:00 INFO	[FRESHNESS] Canonical risk_model => 2026-02-07T11:52:41
2026-02-11T12:11:42.2312737+00:00 INFO	[FRESHNESS] Analytics weekly picks => 2026-02-06T17:09:54
2026-02-11T12:11:42.2312737+00:00 INFO	[FRESHNESS] Dashboard inputs v2 => 2026-02-07T11:52:41
2026-02-11T12:11:42.2468579+00:00 INFO	[FRESHNESS] Canonical aggregate timestamp => 2026-02-08T10:38:45
2026-02-11T12:11:42.2488671+00:00 WARN	[LINEAGE] Canonical (2026-02-08T10:38:45) is older than Ingestion (5y) (2026-02-11T07:14:44)
2026-02-11T12:11:42.2488671+00:00 WARN	[LINEAGE] Analytics weekly picks (2026-02-06T17:09:54) is older than Canonical (2026-02-08T10:38:45)
2026-02-11T12:11:42.2533466+00:00 INFO	[LINEAGE] Analytics weekly picks -> Dashboard inputs v2 OK
2026-02-11T12:11:42.2533466+00:00 INFO	END system freshness / lineage verification
2026-02-11T12:15:01.7819250+00:00 INFO	Imported predicted longshort rows: 664011
2026-02-11T12:15:01.8772404+00:00 INFO	Imported realized longshort rows: 160
2026-02-11T13:53:08.3629015+00:00 WARN	No matching predicted rows found for longshort (matches: 0).
2026-02-11T13:55:12.2815969+00:00 WARN	Wrote predicted sample to C:\Quant\analysis\diagnostics\predicted_longshort_sample.20260211_121142.csv
2026-02-11T13:55:12.3076069+00:00 WARN	Wrote realized sample to C:\Quant\analysis\diagnostics\realized_longshort_sample.20260211_121142.csv
2026-02-11T13:55:12.3096198+00:00 INFO	Starting longonly verification steps...
2026-02-11T13:55:12.3116355+00:00 INFO	Longonly verification completed.
2026-02-11T13:55:12.3154090+00:00 INFO	Running verification runner...
2026-02-11T13:55:12.3154090+00:00 INFO	Verification runner invoked.
2026-02-11T13:55:12.3154090+00:00 INFO	Starting dashboard weekly parquet refresh via Python...
2026-02-11T13:55:12.3772071+00:00 INFO	Dashboard weekly parquet refresh completed.
2026-02-11T13:55:12.3772071+00:00 INFO	END pipeline success
