2026-02-08T02:00:02.1125803+00:00 INFO	START system freshness / lineage verification
2026-02-08T02:00:02.1275163+00:00 INFO	[FRESHNESS] Ingestion (5y) => 2026-02-07T16:19:29
2026-02-08T02:00:02.1275163+00:00 INFO	[FRESHNESS] Canonical prices => 2026-02-07T11:52:40
2026-02-08T02:00:02.1432669+00:00 INFO	[FRESHNESS] Canonical fundamentals => 2026-02-07T11:52:41
2026-02-08T02:00:02.1432669+00:00 INFO	[FRESHNESS] Canonical risk_model => 2026-02-07T11:52:41
2026-02-08T02:00:02.1432669+00:00 INFO	[FRESHNESS] Analytics weekly picks => 2026-02-06T17:09:54
2026-02-08T02:00:02.1432669+00:00 INFO	[FRESHNESS] Dashboard inputs v2 => 2026-02-07T11:52:41
2026-02-08T02:00:02.1610774+00:00 INFO	[FRESHNESS] Canonical aggregate timestamp => 2026-02-07T11:52:41
2026-02-08T02:00:02.1659366+00:00 WARN	[LINEAGE] Canonical (2026-02-07T11:52:41) is older than Ingestion (5y) (2026-02-07T16:19:29)
2026-02-08T02:00:02.1659366+00:00 WARN	[LINEAGE] Analytics weekly picks (2026-02-06T17:09:54) is older than Canonical (2026-02-07T11:52:41)
2026-02-08T02:00:02.1659366+00:00 INFO	[LINEAGE] Analytics weekly picks -> Dashboard inputs v2 OK
2026-02-08T02:00:02.1659366+00:00 INFO	END system freshness / lineage verification
2026-02-08T02:02:48.9528844+00:00 INFO	Imported predicted longshort rows: 664011
2026-02-08T02:02:49.0628830+00:00 INFO	Imported realized longshort rows: 160
2026-02-08T03:20:10.3802775+00:00 WARN	No matching predicted rows found for longshort (matches: 0).
2026-02-08T03:22:02.5243133+00:00 WARN	Wrote predicted sample to C:\Quant\analysis\diagnostics\predicted_longshort_sample.20260208_020002.csv
2026-02-08T03:22:02.6238333+00:00 WARN	Wrote realized sample to C:\Quant\analysis\diagnostics\realized_longshort_sample.20260208_020002.csv
2026-02-08T03:22:02.6238333+00:00 INFO	Starting longonly verification steps...
2026-02-08T03:22:02.6238333+00:00 INFO	Longonly verification completed.
2026-02-08T03:22:02.6312172+00:00 INFO	Running verification runner...
2026-02-08T03:22:02.6312172+00:00 INFO	Verification runner invoked.
2026-02-08T03:22:02.6332289+00:00 INFO	END pipeline success
