2026-02-12T03:00:17.4025616+00:00 INFO	START system freshness / lineage verification
2026-02-12T03:00:17.4366949+00:00 INFO	[FRESHNESS] Ingestion (5y) => 2026-02-11T07:14:44
2026-02-12T03:00:17.4366949+00:00 INFO	[FRESHNESS] Canonical prices => 2026-02-08T10:38:43
2026-02-12T03:00:17.4410739+00:00 INFO	[FRESHNESS] Canonical fundamentals => 2026-02-08T10:38:45
2026-02-12T03:00:17.4425415+00:00 INFO	[FRESHNESS] Canonical risk_model => 2026-02-07T11:52:41
2026-02-12T03:00:17.4454560+00:00 INFO	[FRESHNESS] Analytics weekly picks => 2026-02-06T17:09:54
2026-02-12T03:00:17.4479801+00:00 INFO	[FRESHNESS] Dashboard inputs v2 => 2026-02-07T11:52:41
2026-02-12T03:00:17.5317886+00:00 INFO	[FRESHNESS] Canonical aggregate timestamp => 2026-02-08T10:38:45
2026-02-12T03:00:17.5381640+00:00 WARN	[LINEAGE] Canonical (2026-02-08T10:38:45) is older than Ingestion (5y) (2026-02-11T07:14:44)
2026-02-12T03:00:17.5401707+00:00 WARN	[LINEAGE] Analytics weekly picks (2026-02-06T17:09:54) is older than Canonical (2026-02-08T10:38:45)
2026-02-12T03:00:17.5401707+00:00 INFO	[LINEAGE] Analytics weekly picks -> Dashboard inputs v2 OK
2026-02-12T03:00:17.5429154+00:00 INFO	END system freshness / lineage verification
2026-02-12T04:05:37.5556705+00:00 INFO	Imported predicted longshort rows: 664011
2026-02-12T04:05:37.6936054+00:00 INFO	Imported realized longshort rows: 160
2026-02-12T09:24:53.0541591+00:00 WARN	No matching predicted rows found for longshort (matches: 0).
2026-02-12T09:28:19.3707849+00:00 WARN	Wrote predicted sample to C:\Quant\analysis\diagnostics\predicted_longshort_sample.20260212_030017.csv
2026-02-12T09:28:19.5041900+00:00 WARN	Wrote realized sample to C:\Quant\analysis\diagnostics\realized_longshort_sample.20260212_030017.csv
2026-02-12T09:28:19.5041900+00:00 INFO	Starting longonly verification steps...
2026-02-12T09:28:19.5041900+00:00 INFO	Longonly verification completed.
2026-02-12T09:28:19.5041900+00:00 INFO	Running verification runner...
2026-02-12T09:28:19.5118832+00:00 INFO	Verification runner invoked.
2026-02-12T09:28:19.5118832+00:00 INFO	Starting dashboard weekly parquet refresh via Python...
2026-02-12T09:28:24.9506914+00:00 INFO	Dashboard weekly parquet refresh completed.
2026-02-12T09:28:24.9528068+00:00 INFO	END pipeline success
