2026-02-10T02:00:02.2187628+00:00 INFO	START system freshness / lineage verification
2026-02-10T02:00:02.2512496+00:00 INFO	[FRESHNESS] Ingestion (5y) => 2026-02-09T17:11:47
2026-02-10T02:00:02.2532617+00:00 INFO	[FRESHNESS] Canonical prices => 2026-02-08T10:38:43
2026-02-10T02:00:02.2552728+00:00 INFO	[FRESHNESS] Canonical fundamentals => 2026-02-08T10:38:45
2026-02-10T02:00:02.2589506+00:00 INFO	[FRESHNESS] Canonical risk_model => 2026-02-07T11:52:41
2026-02-10T02:00:02.2654871+00:00 INFO	[FRESHNESS] Analytics weekly picks => 2026-02-06T17:09:54
2026-02-10T02:00:02.2903016+00:00 INFO	[FRESHNESS] Dashboard inputs v2 => 2026-02-07T11:52:41
2026-02-10T02:00:02.3693262+00:00 INFO	[FRESHNESS] Canonical aggregate timestamp => 2026-02-08T10:38:45
2026-02-10T02:00:02.3693262+00:00 WARN	[LINEAGE] Canonical (2026-02-08T10:38:45) is older than Ingestion (5y) (2026-02-09T17:11:47)
2026-02-10T02:00:02.3693262+00:00 WARN	[LINEAGE] Analytics weekly picks (2026-02-06T17:09:54) is older than Canonical (2026-02-08T10:38:45)
2026-02-10T02:00:02.3693262+00:00 INFO	[LINEAGE] Analytics weekly picks -> Dashboard inputs v2 OK
2026-02-10T02:00:02.3693262+00:00 INFO	END system freshness / lineage verification
2026-02-10T02:03:15.6011900+00:00 INFO	Imported predicted longshort rows: 664011
2026-02-10T02:03:15.6966295+00:00 INFO	Imported realized longshort rows: 160
2026-02-10T03:22:52.9765830+00:00 WARN	No matching predicted rows found for longshort (matches: 0).
2026-02-10T03:24:48.5427536+00:00 WARN	Wrote predicted sample to C:\Quant\analysis\diagnostics\predicted_longshort_sample.20260210_020002.csv
2026-02-10T03:24:48.5587738+00:00 WARN	Wrote realized sample to C:\Quant\analysis\diagnostics\realized_longshort_sample.20260210_020002.csv
2026-02-10T03:24:48.5587738+00:00 INFO	Starting longonly verification steps...
2026-02-10T03:24:48.5587738+00:00 INFO	Longonly verification completed.
2026-02-10T03:24:48.5748044+00:00 INFO	Running verification runner...
2026-02-10T03:24:48.5748044+00:00 INFO	Verification runner invoked.
2026-02-10T03:24:48.5748044+00:00 INFO	END pipeline success
