2026-02-11T07:29:45.8839362+00:00 INFO	START system freshness / lineage verification
2026-02-11T07:29:45.9136657+00:00 INFO	[FRESHNESS] Ingestion (5y) => 2026-02-11T07:14:44
2026-02-11T07:29:45.9136657+00:00 INFO	[FRESHNESS] Canonical prices => 2026-02-08T10:38:43
2026-02-11T07:29:45.9298002+00:00 INFO	[FRESHNESS] Canonical fundamentals => 2026-02-08T10:38:45
2026-02-11T07:29:45.9298002+00:00 INFO	[FRESHNESS] Canonical risk_model => 2026-02-07T11:52:41
2026-02-11T07:29:45.9350743+00:00 INFO	[FRESHNESS] Analytics weekly picks => 2026-02-06T17:09:54
2026-02-11T07:29:45.9370854+00:00 INFO	[FRESHNESS] Dashboard inputs v2 => 2026-02-07T11:52:41
2026-02-11T07:29:45.9459812+00:00 INFO	[FRESHNESS] Canonical aggregate timestamp => 2026-02-08T10:38:45
2026-02-11T07:29:45.9617802+00:00 WARN	[LINEAGE] Canonical (2026-02-08T10:38:45) is older than Ingestion (5y) (2026-02-11T07:14:44)
2026-02-11T07:29:45.9617802+00:00 WARN	[LINEAGE] Analytics weekly picks (2026-02-06T17:09:54) is older than Canonical (2026-02-08T10:38:45)
2026-02-11T07:29:45.9617802+00:00 INFO	[LINEAGE] Analytics weekly picks -> Dashboard inputs v2 OK
2026-02-11T07:29:45.9617802+00:00 INFO	END system freshness / lineage verification
2026-02-11T07:33:35.1547463+00:00 INFO	Imported predicted longshort rows: 664011
2026-02-11T07:33:35.2344800+00:00 INFO	Imported realized longshort rows: 160
2026-02-11T09:14:11.2782006+00:00 WARN	No matching predicted rows found for longshort (matches: 0).
2026-02-11T09:17:00.6919325+00:00 WARN	Wrote predicted sample to C:\Quant\analysis\diagnostics\predicted_longshort_sample.20260211_072945.csv
2026-02-11T09:17:00.7050337+00:00 WARN	Wrote realized sample to C:\Quant\analysis\diagnostics\realized_longshort_sample.20260211_072945.csv
2026-02-11T09:17:00.7070427+00:00 INFO	Starting longonly verification steps...
2026-02-11T09:17:00.7080518+00:00 INFO	Longonly verification completed.
2026-02-11T09:17:00.7100648+00:00 INFO	Running verification runner...
2026-02-11T09:17:00.7100648+00:00 INFO	Verification runner invoked.
2026-02-11T09:17:00.7124945+00:00 INFO	Starting dashboard weekly parquet refresh via Python...
2026-02-11T09:17:00.9310947+00:00 INFO	Dashboard weekly parquet refresh completed.
2026-02-11T09:17:00.9310947+00:00 INFO	END pipeline success
