C:\Quant\scripts\dashboard\dashboard_app.py:2: SyntaxWarning: invalid escape sequence '\Q'
  """
2026-02-06 11:51:07.561 Please replace `use_container_width` with `width`.

`use_container_width` will be removed after 2025-12-31.

For `use_container_width=True`, use `width='stretch'`. For `use_container_width=False`, use `width='content'`.
2026-02-06 11:51:07.569 Please replace `use_container_width` with `width`.

`use_container_width` will be removed after 2025-12-31.

For `use_container_width=True`, use `width='stretch'`. For `use_container_width=False`, use `width='content'`.
2026-02-06 11:51:25.094 Please replace `use_container_width` with `width`.

`use_container_width` will be removed after 2025-12-31.

For `use_container_width=True`, use `width='stretch'`. For `use_container_width=False`, use `width='content'`.
C:\Quant\scripts\dashboard\dashboard_app.py:2: SyntaxWarning:

invalid escape sequence '\Q'

2026-02-06 11:55:31.298 Uncaught app execution
Traceback (most recent call last):
  File "C:\Users\Keith\AppData\Local\Programs\Python\Python312\Lib\site-packages\streamlit\runtime\scriptrunner\exec_code.py", line 128, in exec_func_with_error_handling
    result = func()
             ^^^^^^
  File "C:\Users\Keith\AppData\Local\Programs\Python\Python312\Lib\site-packages\streamlit\runtime\scriptrunner\script_runner.py", line 669, in code_to_exec
    exec(code, module.__dict__)  # noqa: S102
    ^^^^^^^^^^^^^^^^^^^^^^^^^^^
  File "C:\Quant\scripts\dashboard\dashboard_app.py", line 429, in <module>
    st.metric("Latest cumulative return", format_cum_return(weekly_portfolio['cum_return'].iloc[-1]) if len(weekly_portfolio) else "n/a")
                                          ^^^^^^^^^^^^^^^^^
NameError: name 'format_cum_return' is not defined
2026-02-06 11:55:46.437 Uncaught app execution
Traceback (most recent call last):
  File "C:\Users\Keith\AppData\Local\Programs\Python\Python312\Lib\site-packages\streamlit\runtime\scriptrunner\exec_code.py", line 128, in exec_func_with_error_handling
    result = func()
             ^^^^^^
  File "C:\Users\Keith\AppData\Local\Programs\Python\Python312\Lib\site-packages\streamlit\runtime\scriptrunner\script_runner.py", line 669, in code_to_exec
    exec(code, module.__dict__)  # noqa: S102
    ^^^^^^^^^^^^^^^^^^^^^^^^^^^
  File "C:\Quant\scripts\dashboard\dashboard_app.py", line 429, in <module>
    st.metric("Latest cumulative return", format_cum_return(weekly_portfolio['cum_return'].iloc[-1]) if len(weekly_portfolio) else "n/a")
                                          ^^^^^^^^^^^^^^^^^
NameError: name 'format_cum_return' is not defined
2026-02-06 11:56:17.118 Uncaught app execution
Traceback (most recent call last):
  File "C:\Users\Keith\AppData\Local\Programs\Python\Python312\Lib\site-packages\streamlit\runtime\scriptrunner\exec_code.py", line 128, in exec_func_with_error_handling
    result = func()
             ^^^^^^
  File "C:\Users\Keith\AppData\Local\Programs\Python\Python312\Lib\site-packages\streamlit\runtime\scriptrunner\script_runner.py", line 669, in code_to_exec
    exec(code, module.__dict__)  # noqa: S102
    ^^^^^^^^^^^^^^^^^^^^^^^^^^^
  File "C:\Quant\scripts\dashboard\dashboard_app.py", line 429, in <module>
    st.metric("Latest cumulative return", format_cum_return(weekly_portfolio['cum_return'].iloc[-1]) if len(weekly_portfolio) else "n/a")
                                          ^^^^^^^^^^^^^^^^^
NameError: name 'format_cum_return' is not defined
2026-02-06 11:56:27.994 Please replace `use_container_width` with `width`.

`use_container_width` will be removed after 2025-12-31.

For `use_container_width=True`, use `width='stretch'`. For `use_container_width=False`, use `width='content'`.
2026-02-06 11:56:27.997 Please replace `use_container_width` with `width`.

`use_container_width` will be removed after 2025-12-31.

For `use_container_width=True`, use `width='stretch'`. For `use_container_width=False`, use `width='content'`.
2026-02-06 11:56:42.411 Please replace `use_container_width` with `width`.

`use_container_width` will be removed after 2025-12-31.

For `use_container_width=True`, use `width='stretch'`. For `use_container_width=False`, use `width='content'`.
2026-02-06 11:56:54.186 Uncaught app execution
Traceback (most recent call last):
  File "C:\Users\Keith\AppData\Local\Programs\Python\Python312\Lib\site-packages\streamlit\runtime\scriptrunner\exec_code.py", line 128, in exec_func_with_error_handling
    result = func()
             ^^^^^^
  File "C:\Users\Keith\AppData\Local\Programs\Python\Python312\Lib\site-packages\streamlit\runtime\scriptrunner\script_runner.py", line 669, in code_to_exec
    exec(code, module.__dict__)  # noqa: S102
    ^^^^^^^^^^^^^^^^^^^^^^^^^^^
  File "C:\Quant\scripts\dashboard\dashboard_app.py", line 429, in <module>
    st.metric("Latest cumulative return", format_cum_return(weekly_portfolio['cum_return'].iloc[-1]) if len(weekly_portfolio) else "n/a")
                                          ^^^^^^^^^^^^^^^^^
NameError: name 'format_cum_return' is not defined
C:\Quant\scripts\dashboard\dashboard_app.py:2: SyntaxWarning:

invalid escape sequence '\Q'

2026-02-06 12:06:27.929 Please replace `use_container_width` with `width`.

`use_container_width` will be removed after 2025-12-31.

For `use_container_width=True`, use `width='stretch'`. For `use_container_width=False`, use `width='content'`.
2026-02-06 12:06:57.948 Please replace `use_container_width` with `width`.

`use_container_width` will be removed after 2025-12-31.

For `use_container_width=True`, use `width='stretch'`. For `use_container_width=False`, use `width='content'`.
2026-02-06 12:06:57.955 Please replace `use_container_width` with `width`.

`use_container_width` will be removed after 2025-12-31.

For `use_container_width=True`, use `width='stretch'`. For `use_container_width=False`, use `width='content'`.
C:\Quant\scripts\dashboard\dashboard_app.py:2: SyntaxWarning:

invalid escape sequence '\Q'

2026-02-06 12:09:07.592 Please replace `use_container_width` with `width`.

`use_container_width` will be removed after 2025-12-31.

For `use_container_width=True`, use `width='stretch'`. For `use_container_width=False`, use `width='content'`.
2026-02-06 12:09:07.602 Please replace `use_container_width` with `width`.

`use_container_width` will be removed after 2025-12-31.

For `use_container_width=True`, use `width='stretch'`. For `use_container_width=False`, use `width='content'`.
2026-02-06 12:10:47.048 Please replace `use_container_width` with `width`.

`use_container_width` will be removed after 2025-12-31.

For `use_container_width=True`, use `width='stretch'`. For `use_container_width=False`, use `width='content'`.
2026-02-06 12:11:59.159 Please replace `use_container_width` with `width`.

`use_container_width` will be removed after 2025-12-31.

For `use_container_width=True`, use `width='stretch'`. For `use_container_width=False`, use `width='content'`.
2026-02-06 12:11:59.172 Please replace `use_container_width` with `width`.

`use_container_width` will be removed after 2025-12-31.

For `use_container_width=True`, use `width='stretch'`. For `use_container_width=False`, use `width='content'`.
C:\Quant\scripts\dashboard\dashboard_app.py:2: SyntaxWarning:

invalid escape sequence '\Q'

C:\Quant\scripts\dashboard\dashboard_app.py:2: SyntaxWarning:

invalid escape sequence '\Q'

C:\Quant\scripts\dashboard\dashboard_app.py:2: SyntaxWarning:

invalid escape sequence '\Q'

C:\Quant\scripts\dashboard\dashboard_app.py:2: SyntaxWarning:

invalid escape sequence '\Q'

C:\Quant\scripts\dashboard\dashboard_app.py:2: SyntaxWarning:

invalid escape sequence '\Q'

C:\Quant\scripts\dashboard\dashboard_app.py:609: DeprecationWarning:

DataFrameGroupBy.apply operated on the grouping columns. This behavior is deprecated, and in a future version of pandas the grouping columns will be excluded from the operation. Either pass `include_groups=False` to exclude the groupings or explicitly select the grouping columns after groupby to silence this warning.

C:\Quant\scripts\dashboard\dashboard_app.py:2: SyntaxWarning:

invalid escape sequence '\Q'

C:\Quant\scripts\dashboard\dashboard_app.py:541: DeprecationWarning:

DataFrameGroupBy.apply operated on the grouping columns. This behavior is deprecated, and in a future version of pandas the grouping columns will be excluded from the operation. Either pass `include_groups=False` to exclude the groupings or explicitly select the grouping columns after groupby to silence this warning.

2026-02-06 12:46:34.059 Please replace `use_container_width` with `width`.

`use_container_width` will be removed after 2025-12-31.

For `use_container_width=True`, use `width='stretch'`. For `use_container_width=False`, use `width='content'`.
2026-02-06 12:46:34.093 Please replace `use_container_width` with `width`.

`use_container_width` will be removed after 2025-12-31.

For `use_container_width=True`, use `width='stretch'`. For `use_container_width=False`, use `width='content'`.
C:\Quant\scripts\dashboard\dashboard_app.py:2: SyntaxWarning:

invalid escape sequence '\Q'

C:\Quant\scripts\dashboard\dashboard_app.py:536: DeprecationWarning:

DataFrameGroupBy.apply operated on the grouping columns. This behavior is deprecated, and in a future version of pandas the grouping columns will be excluded from the operation. Either pass `include_groups=False` to exclude the groupings or explicitly select the grouping columns after groupby to silence this warning.

2026-02-06 12:48:42.713 Please replace `use_container_width` with `width`.

`use_container_width` will be removed after 2025-12-31.

For `use_container_width=True`, use `width='stretch'`. For `use_container_width=False`, use `width='content'`.
2026-02-06 12:48:42.730 Please replace `use_container_width` with `width`.

`use_container_width` will be removed after 2025-12-31.

For `use_container_width=True`, use `width='stretch'`. For `use_container_width=False`, use `width='content'`.
2026-02-06 12:48:50.870 Please replace `use_container_width` with `width`.

`use_container_width` will be removed after 2025-12-31.

For `use_container_width=True`, use `width='stretch'`. For `use_container_width=False`, use `width='content'`.
C:\Quant\scripts\dashboard\dashboard_app.py:536: DeprecationWarning:

DataFrameGroupBy.apply operated on the grouping columns. This behavior is deprecated, and in a future version of pandas the grouping columns will be excluded from the operation. Either pass `include_groups=False` to exclude the groupings or explicitly select the grouping columns after groupby to silence this warning.

C:\Quant\scripts\dashboard\dashboard_app.py:536: DeprecationWarning:

DataFrameGroupBy.apply operated on the grouping columns. This behavior is deprecated, and in a future version of pandas the grouping columns will be excluded from the operation. Either pass `include_groups=False` to exclude the groupings or explicitly select the grouping columns after groupby to silence this warning.

2026-02-06 12:55:29.810 Uncaught app execution
Traceback (most recent call last):
  File "C:\Users\Keith\AppData\Local\Programs\Python\Python312\Lib\site-packages\streamlit\runtime\scriptrunner\exec_code.py", line 128, in exec_func_with_error_handling
    result = func()
             ^^^^^^
  File "C:\Users\Keith\AppData\Local\Programs\Python\Python312\Lib\site-packages\streamlit\runtime\scriptrunner\script_runner.py", line 669, in code_to_exec
    exec(code, module.__dict__)  # noqa: S102
    ^^^^^^^^^^^^^^^^^^^^^^^^^^^
  File "C:\Quant\scripts\dashboard\dashboard_app.py", line 674, in <module>
    st.experimental_rerun()
    ^^^^^^^^^^^^^^^^^^^^^
AttributeError: module 'streamlit' has no attribute 'experimental_rerun'. Did you mean: 'experimental_user'?
2026-02-06 12:55:33.421 Please replace `use_container_width` with `width`.

`use_container_width` will be removed after 2025-12-31.

For `use_container_width=True`, use `width='stretch'`. For `use_container_width=False`, use `width='content'`.
2026-02-06 12:55:33.439 Please replace `use_container_width` with `width`.

`use_container_width` will be removed after 2025-12-31.

For `use_container_width=True`, use `width='stretch'`. For `use_container_width=False`, use `width='content'`.
C:\Quant\scripts\dashboard\dashboard_app.py:536: DeprecationWarning:

DataFrameGroupBy.apply operated on the grouping columns. This behavior is deprecated, and in a future version of pandas the grouping columns will be excluded from the operation. Either pass `include_groups=False` to exclude the groupings or explicitly select the grouping columns after groupby to silence this warning.

2026-02-06 12:55:57.927 Please replace `use_container_width` with `width`.

`use_container_width` will be removed after 2025-12-31.

For `use_container_width=True`, use `width='stretch'`. For `use_container_width=False`, use `width='content'`.
2026-02-06 12:55:57.944 Please replace `use_container_width` with `width`.

`use_container_width` will be removed after 2025-12-31.

For `use_container_width=True`, use `width='stretch'`. For `use_container_width=False`, use `width='content'`.
2026-02-06 12:56:20.449 Please replace `use_container_width` with `width`.

`use_container_width` will be removed after 2025-12-31.

For `use_container_width=True`, use `width='stretch'`. For `use_container_width=False`, use `width='content'`.
2026-02-06 12:56:20.460 Please replace `use_container_width` with `width`.

`use_container_width` will be removed after 2025-12-31.

For `use_container_width=True`, use `width='stretch'`. For `use_container_width=False`, use `width='content'`.
C:\Quant\scripts\dashboard\dashboard_app.py:2: SyntaxWarning:

invalid escape sequence '\Q'

