[2026-01-22 08:40:15 UTC] [ensemble_signal_quant_v1] Starting ensemble_signal_quant_v1 run (v1.0).
[2026-01-22 08:40:15 UTC] [ensemble_signal_quant_v1] Loading base composite factors from C:\Quant\data\analytics\quant_factors_composite.csv
[2026-01-22 08:40:19 UTC] [ensemble_signal_quant_v1] Missing required columns in composite file: {'composite_signal'}
[2026-01-22 08:44:41 UTC] [ensemble_signal_quant_v1] Starting ensemble_signal_quant_v1 run (v1.0).
[2026-01-22 08:44:41 UTC] [ensemble_signal_quant_v1] Loading base composite factors from C:\Quant\data\analytics\quant_factors_composite.csv
[2026-01-22 08:44:45 UTC] [ensemble_signal_quant_v1] Loaded 680604 rows from composite file after cleaning.
[2026-01-22 08:44:45 UTC] [ensemble_signal_quant_v1] Loading multi-horizon composite factors from C:\Quant\data\analytics\quant_factors_composite_mh.csv
[2026-01-22 08:44:46 UTC] [ensemble_signal_quant_v1] Loaded 680604 rows from multi-horizon file after cleaning.
[2026-01-22 08:44:46 UTC] [ensemble_signal_quant_v1] Loading regime states from C:\Quant\data\analytics\quant_regime_states.csv
[2026-01-22 08:44:46 UTC] [ensemble_signal_quant_v1] Loaded 1319 regime rows after cleaning.
[2026-01-22 08:44:46 UTC] [ensemble_signal_quant_v1] Building ensemble signal from composite_signal_v1 and composite_mh_signal with weights: v1=0.5, mh=0.5.
[2026-01-22 08:44:48 UTC] [ensemble_signal_quant_v1] Ensemble signal built and regime-modulated.
[2026-01-22 08:44:48 UTC] [ensemble_signal_quant_v1] Saving ensemble factors to C:\Quant\data\analytics\quant_factors_ensemble_v1.csv
[2026-01-22 08:44:52 UTC] [ensemble_signal_quant_v1] ensemble_signal_quant_v1 run completed successfully.
[2026-01-22 08:51:16 UTC] [ensemble_signal_quant_v1] Starting ensemble_signal_quant_v1 run (v1.0).
[2026-01-22 08:51:16 UTC] [ensemble_signal_quant_v1] Loading base composite factors from C:\Quant\data\analytics\quant_factors_composite.csv
[2026-01-22 08:51:21 UTC] [ensemble_signal_quant_v1] Loaded 680604 rows from composite file after cleaning.
[2026-01-22 08:51:21 UTC] [ensemble_signal_quant_v1] Loading multi-horizon composite factors from C:\Quant\data\analytics\quant_factors_composite_mh.csv
[2026-01-22 08:51:21 UTC] [ensemble_signal_quant_v1] Loaded 680604 rows from multi-horizon file after cleaning.
[2026-01-22 08:51:21 UTC] [ensemble_signal_quant_v1] Loading regime states from C:\Quant\data\analytics\quant_regime_states.csv
[2026-01-22 08:51:21 UTC] [ensemble_signal_quant_v1] Loaded 1319 regime rows after cleaning.
[2026-01-22 08:51:21 UTC] [ensemble_signal_quant_v1] Building ensemble signal from composite_signal_v1 and composite_mh_signal with weights: v1=0.5, mh=0.5.
[2026-01-22 08:51:23 UTC] [ensemble_signal_quant_v1] Ensemble signal built and regime-modulated.
[2026-01-22 08:51:23 UTC] [ensemble_signal_quant_v1] Saving ensemble factors to C:\Quant\data\analytics\quant_factors_ensemble_v1.csv
[2026-01-22 08:51:28 UTC] [ensemble_signal_quant_v1] ensemble_signal_quant_v1 run completed successfully.
[2026-01-22 08:58:12 UTC] [ensemble_signal_quant_v1] Starting ensemble_signal_quant_v1 run (v1.1).
[2026-01-22 08:58:12 UTC] [ensemble_signal_quant_v1] Loading base composite factors from C:\Quant\data\analytics\quant_factors_composite.csv
[2026-01-22 08:58:17 UTC] [ensemble_signal_quant_v1] Loaded 663977 rows from composite file after cleaning.
[2026-01-22 08:58:17 UTC] [ensemble_signal_quant_v1] Loading multi-horizon composite factors from C:\Quant\data\analytics\quant_factors_composite_mh.csv
[2026-01-22 08:58:17 UTC] [ensemble_signal_quant_v1] Loaded 680604 rows from multi-horizon file after cleaning.
[2026-01-22 08:58:17 UTC] [ensemble_signal_quant_v1] Loading regime states from C:\Quant\data\analytics\quant_regime_states.csv
[2026-01-22 08:58:17 UTC] [ensemble_signal_quant_v1] Loaded 1319 regime rows after cleaning.
[2026-01-22 08:58:17 UTC] [ensemble_signal_quant_v1] Building ensemble signal from composite_signal_v1 and composite_mh_signal with weights: v1=0.5, mh=0.5.
[2026-01-22 08:58:19 UTC] [ensemble_signal_quant_v1] Ensemble signal built and regime-modulated.
[2026-01-22 08:58:19 UTC] [ensemble_signal_quant_v1] Saving ensemble factors to C:\Quant\data\analytics\quant_factors_ensemble_v1.csv
[2026-01-22 08:58:25 UTC] [ensemble_signal_quant_v1] ensemble_signal_quant_v1 run completed successfully.
