[2026-01-25 21:30:34 UTC] [factor_exposure_report_quant_v1] Starting factor_exposure_report_quant_v1 (v1.1).
[2026-01-25 21:30:34 UTC] [factor_exposure_report_quant_v1] Loading risk-ensemble factors from C:\Quant\data\analytics\quant_factors_ensemble_risk_v1.csv
[2026-01-25 21:30:37 UTC] [factor_exposure_report_quant_v1] Loaded 663977 rows for factor exposure analysis.
[2026-01-25 21:30:37 UTC] [factor_exposure_report_quant_v1] Loading regime states from C:\Quant\data\analytics\quant_regime_states_v1.csv
[2026-01-25 21:30:37 UTC] [factor_exposure_report_quant_v1] Computing regime-aware factor exposures.
[2026-01-25 21:30:37 UTC] [factor_exposure_report_quant_v1] Processing signal_type=raw
[2026-01-25 21:30:38 UTC] [factor_exposure_report_quant_v1] Processing signal_type=risk_neutral
[2026-01-25 21:30:39 UTC] [factor_exposure_report_quant_v1] Computing regime-aware factor exposure summary.
[2026-01-25 21:30:39 UTC] [factor_exposure_report_quant_v1] Saving time series exposures to C:\Quant\data\analytics\quant_factor_exposures_timeseries.csv
[2026-01-25 21:30:40 UTC] [factor_exposure_report_quant_v1] Saving summary exposures to C:\Quant\data\analytics\quant_factor_exposures_summary.csv
[2026-01-25 21:30:40 UTC] [factor_exposure_report_quant_v1] factor_exposure_report_quant_v1 (v1.1) completed successfully.
[2026-01-25 21:41:53 UTC] [factor_exposure_report_quant_v1] Starting factor_exposure_report_quant_v1 (v1.1).
[2026-01-25 21:41:53 UTC] [factor_exposure_report_quant_v1] Loading risk-ensemble factors from C:\Quant\data\analytics\quant_factors_ensemble_risk_v1.csv
[2026-01-25 21:41:55 UTC] [factor_exposure_report_quant_v1] Loaded 663977 rows for factor exposure analysis.
[2026-01-25 21:41:55 UTC] [factor_exposure_report_quant_v1] Loading regime states from C:\Quant\data\analytics\quant_regime_states_v1.csv
[2026-01-25 21:41:55 UTC] [factor_exposure_report_quant_v1] Computing regime-aware factor exposures.
[2026-01-25 21:41:55 UTC] [factor_exposure_report_quant_v1] Processing signal_type=raw
[2026-01-25 21:41:56 UTC] [factor_exposure_report_quant_v1] Processing signal_type=risk_neutral
[2026-01-25 21:41:57 UTC] [factor_exposure_report_quant_v1] Computing regime-aware factor exposure summary.
[2026-01-25 21:41:57 UTC] [factor_exposure_report_quant_v1] Saving time series exposures to C:\Quant\data\analytics\quant_factor_exposures_timeseries.csv
[2026-01-25 21:41:57 UTC] [factor_exposure_report_quant_v1] Saving summary exposures to C:\Quant\data\analytics\quant_factor_exposures_summary.csv
[2026-01-25 21:41:57 UTC] [factor_exposure_report_quant_v1] factor_exposure_report_quant_v1 (v1.1) completed successfully.
[2026-01-25 21:43:56 UTC] [factor_exposure_report_quant_v1] Starting factor_exposure_report_quant_v1 (v1.1).
[2026-01-25 21:44:14 UTC] [factor_exposure_report_quant_v1] Starting factor_exposure_report_quant_v1 (v1.1).
[2026-01-25 21:46:53 UTC] [factor_exposure_report_quant_v1] Starting factor_exposure_report_quant_v1 (v1.1).
[2026-01-25 22:00:18 UTC] [factor_exposure_report_quant_v1] Starting factor_exposure_report_quant_v1 (v1.1).
[2026-01-25 22:01:00 UTC] [factor_exposure_report_quant_v1] Starting factor_exposure_report_quant_v1 (v1.1).
[2026-01-25 22:01:58 UTC] [factor_exposure_report_quant_v1] Starting factor_exposure_report_quant_v1 (v1.1).
[2026-01-25 22:02:36 UTC] [factor_exposure_report_quant_v1] factor_exposure_report_quant_v1 (v1.1) completed successfully.
[2026-01-25 22:05:24 UTC] [factor_exposure_report_quant_v1] Starting factor_exposure_report_quant_v1 (v1.1).
[2026-01-25 22:05:35 UTC] [factor_exposure_report_quant_v1] factor_exposure_report_quant_v1 (v1.1) completed successfully.
