[2026-01-22 10:36:51 UTC] [factor_neutrality_engine_quant_v1] Starting factor_neutrality_engine_quant_v1 run (v1.0).
[2026-01-22 10:36:51 UTC] [factor_neutrality_engine_quant_v1] Loading trading weights from C:\Quant\data\analytics\quant_portfolio_weights_ensemble_risk_longshort_v2_trading.csv
[2026-01-22 10:36:51 UTC] [factor_neutrality_engine_quant_v1] Loaded 664011 trading weight rows.
[2026-01-22 10:36:51 UTC] [factor_neutrality_engine_quant_v1] Loading factor exposures from C:\Quant\data\analytics\quant_factor_exposures_timeseries.csv
[2026-01-22 10:36:51 UTC] [factor_neutrality_engine_quant_v1] Factor exposures file must contain 'date' and 'ticker'.
[2026-01-22 10:56:34 UTC] [factor_neutrality_engine_quant_v1] Starting factor_neutrality_engine_quant_v1 run (v1.0).
[2026-01-22 10:56:34 UTC] [factor_neutrality_engine_quant_v1] Loading trading weights from C:\Quant\data\analytics\quant_portfolio_weights_ensemble_risk_longshort_v2_trading.csv
[2026-01-22 10:56:34 UTC] [factor_neutrality_engine_quant_v1] Loaded 664011 trading weight rows.
[2026-01-22 10:56:34 UTC] [factor_neutrality_engine_quant_v1] Loading factor exposures from C:\Quant\data\analytics\quant_factor_exposures_timeseries.csv
[2026-01-22 10:56:37 UTC] [factor_neutrality_engine_quant_v1] Loaded 681120 factor exposure rows with 34 factors.
[2026-01-22 10:56:37 UTC] [factor_neutrality_engine_quant_v1] Building factor-neutral trading weights.
[2026-01-22 10:56:41 UTC] [factor_neutrality_engine_quant_v1] Neutralisation failed for date 2025-12-23 00:00:00: SVD did not converge. Passing through original weights.
[2026-01-22 10:56:41 UTC] [factor_neutrality_engine_quant_v1] Neutralisation failed for date 2025-12-24 00:00:00: SVD did not converge. Passing through original weights.
[2026-01-22 10:56:41 UTC] [factor_neutrality_engine_quant_v1] Neutralisation failed for date 2025-12-25 00:00:00: SVD did not converge. Passing through original weights.
[2026-01-22 10:56:41 UTC] [factor_neutrality_engine_quant_v1] Neutralisation failed for date 2025-12-26 00:00:00: SVD did not converge. Passing through original weights.
[2026-01-22 10:56:41 UTC] [factor_neutrality_engine_quant_v1] Neutralisation failed for date 2025-12-29 00:00:00: SVD did not converge. Passing through original weights.
[2026-01-22 10:56:41 UTC] [factor_neutrality_engine_quant_v1] Neutralisation failed for date 2025-12-30 00:00:00: SVD did not converge. Passing through original weights.
[2026-01-22 10:56:41 UTC] [factor_neutrality_engine_quant_v1] Neutralisation failed for date 2025-12-31 00:00:00: SVD did not converge. Passing through original weights.
[2026-01-22 10:56:41 UTC] [factor_neutrality_engine_quant_v1] Neutralisation failed for date 2026-01-01 00:00:00: SVD did not converge. Passing through original weights.
[2026-01-22 10:56:41 UTC] [factor_neutrality_engine_quant_v1] Neutralisation failed for date 2026-01-02 00:00:00: SVD did not converge. Passing through original weights.
[2026-01-22 10:56:41 UTC] [factor_neutrality_engine_quant_v1] Neutralisation failed for date 2026-01-05 00:00:00: SVD did not converge. Passing through original weights.
[2026-01-22 10:56:41 UTC] [factor_neutrality_engine_quant_v1] Neutralisation failed for date 2026-01-06 00:00:00: SVD did not converge. Passing through original weights.
[2026-01-22 10:56:41 UTC] [factor_neutrality_engine_quant_v1] Neutralisation failed for date 2026-01-07 00:00:00: SVD did not converge. Passing through original weights.
[2026-01-22 10:56:41 UTC] [factor_neutrality_engine_quant_v1] Neutralisation failed for date 2026-01-08 00:00:00: SVD did not converge. Passing through original weights.
[2026-01-22 10:56:41 UTC] [factor_neutrality_engine_quant_v1] Neutralisation failed for date 2026-01-09 00:00:00: SVD did not converge. Passing through original weights.
[2026-01-22 10:56:41 UTC] [factor_neutrality_engine_quant_v1] Neutralisation failed for date 2026-01-12 00:00:00: SVD did not converge. Passing through original weights.
[2026-01-22 10:56:41 UTC] [factor_neutrality_engine_quant_v1] Neutralisation failed for date 2026-01-13 00:00:00: SVD did not converge. Passing through original weights.
[2026-01-22 10:56:41 UTC] [factor_neutrality_engine_quant_v1] Neutralisation failed for date 2026-01-14 00:00:00: SVD did not converge. Passing through original weights.
[2026-01-22 10:56:41 UTC] [factor_neutrality_engine_quant_v1] Neutralisation failed for date 2026-01-15 00:00:00: SVD did not converge. Passing through original weights.
[2026-01-22 10:56:41 UTC] [factor_neutrality_engine_quant_v1] Neutralisation failed for date 2026-01-16 00:00:00: SVD did not converge. Passing through original weights.
[2026-01-22 10:56:41 UTC] [factor_neutrality_engine_quant_v1] Neutralisation failed for date 2026-01-19 00:00:00: SVD did not converge. Passing through original weights.
[2026-01-22 10:56:41 UTC] [factor_neutrality_engine_quant_v1] Neutralisation failed for date 2026-01-20 00:00:00: SVD did not converge. Passing through original weights.
[2026-01-22 10:56:41 UTC] [factor_neutrality_engine_quant_v1] Neutralisation failed for date 2026-01-21 00:00:00: SVD did not converge. Passing through original weights.
[2026-01-22 10:56:42 UTC] [factor_neutrality_engine_quant_v1] Built 664011 factor-neutral weight rows.
[2026-01-22 10:56:42 UTC] [factor_neutrality_engine_quant_v1] Saving factor-neutral trading weights to C:\Quant\data\analytics\quant_portfolio_weights_ensemble_risk_longshort_v2_trading_neutral.csv
[2026-01-22 10:56:43 UTC] [factor_neutrality_engine_quant_v1] factor_neutrality_engine_quant_v1 run completed successfully.
[2026-01-22 10:58:47 UTC] [factor_neutrality_engine_quant_v1] Completed successfully with ridge regularisation.
[2026-01-22 10:59:39 UTC] [factor_neutrality_engine_quant_v1] Starting ridge-stabilised factor neutrality engine.
[2026-01-22 10:59:39 UTC] [factor_neutrality_engine_quant_v1] Loading trading weights from C:\Quant\data\analytics\quant_portfolio_weights_ensemble_risk_longshort_v2_trading.csv
[2026-01-22 10:59:39 UTC] [factor_neutrality_engine_quant_v1] Loaded 664011 trading weight rows.
[2026-01-22 10:59:39 UTC] [factor_neutrality_engine_quant_v1] Loading factor exposures from C:\Quant\data\analytics\quant_factor_exposures_timeseries.csv
[2026-01-22 10:59:42 UTC] [factor_neutrality_engine_quant_v1] Loaded 681120 factor exposure rows with 34 factors.
[2026-01-22 10:59:42 UTC] [factor_neutrality_engine_quant_v1] Building factor-neutral trading weights (ridge-regularised).
[2026-01-22 10:59:45 UTC] [factor_neutrality_engine_quant_v1] Built 664011 factor-neutral weight rows.
[2026-01-22 10:59:45 UTC] [factor_neutrality_engine_quant_v1] Saving factor-neutral trading weights to C:\Quant\data\analytics\quant_portfolio_weights_ensemble_risk_longshort_v2_trading_neutral.csv
[2026-01-22 10:59:47 UTC] [factor_neutrality_engine_quant_v1] Completed successfully with ridge regularisation.
