[2026-01-25 03:00:10 UTC] [run_attribution_suite_v1] Logger initialised for module 'run_attribution_suite_v1'
[2026-01-25 03:00:10 UTC] [run_attribution_suite_v1] ------------------------------------------------------------
[2026-01-25 03:00:10 UTC] [run_attribution_suite_v1] Starting Attribution Suite v1.0
[2026-01-25 03:00:10 UTC] [run_attribution_suite_v1] Run timestamp: 2026-01-25 03:00:10 UTC
[2026-01-25 03:00:10 UTC] [run_attribution_suite_v1] Suite directory: C:\Quant\scripts\analytics\attribution_suite_v1
[2026-01-25 03:00:10 UTC] [run_attribution_suite_v1] ------------------------------------------------------------
[2026-01-25 03:00:10 UTC] [run_attribution_suite_v1] Running module: factor_returns_alignment_v1.py
[2026-01-25 03:00:48 UTC] [run_attribution_suite_v1] Module factor_returns_alignment_v1.py completed successfully.
[2026-01-25 03:00:48 UTC] [run_attribution_suite_v1] Running module: attribution_sector_v1.py
[2026-01-25 03:00:49 UTC] [run_attribution_suite_v1] Module attribution_sector_v1.py completed successfully.
[2026-01-25 03:00:49 UTC] [run_attribution_suite_v1] Running module: attribution_regime_summary_v1.py
[2026-01-25 03:00:50 UTC] [run_attribution_suite_v1] Module attribution_regime_summary_v1.py completed successfully.
[2026-01-25 03:00:50 UTC] [run_attribution_suite_v1] Running module: attribution_rolling_v1.py
[2026-01-25 03:00:51 UTC] [run_attribution_suite_v1] Module attribution_rolling_v1.py completed successfully.
[2026-01-25 03:00:51 UTC] [run_attribution_suite_v1] Running module: liquidity_costs_enhanced_v1.py
[2026-01-25 03:01:03 UTC] [run_attribution_suite_v1] Module liquidity_costs_enhanced_v1.py completed successfully.
[2026-01-25 03:01:03 UTC] [run_attribution_suite_v1] Running module: attribution_expected_vs_realised_v1.py
[2026-01-25 03:01:16 UTC] [run_attribution_suite_v1] Module attribution_expected_vs_realised_v1.py completed successfully.
[2026-01-25 03:01:16 UTC] [run_attribution_suite_v1] Running module: attribution_dashboard_v1.py
[2026-01-25 03:21:20 UTC] [run_attribution_suite_v1] Module attribution_dashboard_v1.py completed successfully.
[2026-01-25 03:21:20 UTC] [run_attribution_suite_v1] Running module: attribution_diagnostics_v1.py
[2026-01-25 03:21:25 UTC] [run_attribution_suite_v1] Module attribution_diagnostics_v1.py completed successfully.
[2026-01-25 03:21:25 UTC] [run_attribution_suite_v1] ------------------------------------------------------------
[2026-01-25 03:21:25 UTC] [run_attribution_suite_v1] Attribution Suite v1.0 completed successfully.
[2026-01-25 03:21:25 UTC] [run_attribution_suite_v1] ------------------------------------------------------------
[2026-01-25_03-00-09] Starting daily attribution suite run
------------------------------------------------------------

------------------------------------------------------------
Suite finished with return code: 0
