[2026-01-22 14:41:58 UTC] [liquidity_cost_model_quant_v1] Starting liquidity-aware cost model.
[2026-01-22 14:41:58 UTC] [liquidity_cost_model_quant_v1] Loading current weights from C:\Quant\data\analytics\quant_portfolio_weights_ensemble_risk_longshort_v2_trading.csv
[2026-01-22 14:41:58 UTC] [liquidity_cost_model_quant_v1] Loaded 664011 current weight rows.
[2026-01-22 14:41:58 UTC] [liquidity_cost_model_quant_v1] Loading target weights from C:\Quant\data\analytics\quant_portfolio_weights_ensemble_risk_longshort_v2_trading_neutral.csv
[2026-01-22 14:41:58 UTC] [liquidity_cost_model_quant_v1] Loaded 664011 target weight rows.
[2026-01-22 14:41:58 UTC] [liquidity_cost_model_quant_v1] Loading market data from C:\Quant\data\analytics\quant_market_liquidity_timeseries.csv
[2026-01-22 14:46:38 UTC] [liquidity_cost_model_quant_v1] Starting liquidity-aware cost model.
[2026-01-22 14:46:38 UTC] [liquidity_cost_model_quant_v1] Loading current weights from C:\Quant\data\analytics\quant_portfolio_weights_ensemble_risk_longshort_v2_trading.csv
[2026-01-22 14:46:39 UTC] [liquidity_cost_model_quant_v1] Loaded 664011 current weight rows.
[2026-01-22 14:46:39 UTC] [liquidity_cost_model_quant_v1] Loading target weights from C:\Quant\data\analytics\quant_portfolio_weights_ensemble_risk_longshort_v2_trading_neutral.csv
[2026-01-22 14:46:39 UTC] [liquidity_cost_model_quant_v1] Loaded 664011 target weight rows.
[2026-01-22 14:46:39 UTC] [liquidity_cost_model_quant_v1] Loading market data from C:\Quant\data\analytics\quant_market_liquidity_timeseries.csv
[2026-01-22 14:48:20 UTC] [liquidity_cost_model_quant_v1] Starting liquidity-aware cost model.
[2026-01-22 14:48:20 UTC] [liquidity_cost_model_quant_v1] Loading current weights from C:\Quant\data\analytics\quant_portfolio_weights_ensemble_risk_longshort_v2_trading.csv
[2026-01-22 14:48:20 UTC] [liquidity_cost_model_quant_v1] Loaded 664011 current weight rows.
[2026-01-22 14:48:20 UTC] [liquidity_cost_model_quant_v1] Loading target weights from C:\Quant\data\analytics\quant_portfolio_weights_ensemble_risk_longshort_v2_trading_neutral.csv
[2026-01-22 14:48:20 UTC] [liquidity_cost_model_quant_v1] Loaded 664011 target weight rows.
[2026-01-22 14:48:20 UTC] [liquidity_cost_model_quant_v1] Loading market data from C:\Quant\data\analytics\quant_market_liquidity_timeseries.csv
[2026-01-22 14:48:21 UTC] [liquidity_cost_model_quant_v1] Loaded 681120 market data rows.
[2026-01-22 14:48:21 UTC] [liquidity_cost_model_quant_v1] Building liquidity-aware cost estimates.
[2026-01-22 14:48:21 UTC] [liquidity_cost_model_quant_v1] Built liquidity costs for 664011 rows. Capacity breaches: 0
[2026-01-22 14:48:21 UTC] [liquidity_cost_model_quant_v1] Saving liquidity costs to C:\Quant\data\analytics\quant_liquidity_costs_timeseries.csv
[2026-01-22 14:48:29 UTC] [liquidity_cost_model_quant_v1] Completed liquidity-aware cost model successfully.
