2026-02-02 20:59:44,820 INFO === MASTER PIPELINE START ===
2026-02-02 20:59:44,863 INFO Newest data file: C:\Quant\data\analytics\quant_weekly_picks_quant_v1.parquet (age 0:15:20.518115)
2026-02-02 20:59:44,864 INFO Starting ingestion step
2026-02-02 20:59:44,984 INFO === MASTER PIPELINE START ===
2026-02-02 20:59:45,014 INFO Newest data file: C:\Quant\data\analytics\quant_weekly_picks_quant_v1.parquet (age 0:15:20.669626)
2026-02-02 20:59:45,017 INFO Starting ingestion step
2026-02-02 21:02:07,067 INFO Starting build_strategy_returns
2026-02-02 21:02:07,138 INFO Attribution appears aggregated; using aggregated attribution fallback
2026-02-02 21:02:07,194 INFO WROTE strategy returns (1251 rows) and manifest (method=aggregated_attribution)
2026-02-02 21:02:07,194 INFO Verifying strategy returns
2026-02-02 21:02:07,243 INFO Strategy final cum values: {'LONG_ONLY': 236.73374604180978, 'LONG_SHORT': -0.8905938112554276}
2026-02-02 21:02:07,243 INFO Strategy verification OK
2026-02-02 21:02:07,243 INFO Starting build_weekly_picks
2026-02-02 21:02:07,900 INFO WROTE weekly picks (10 rows) for 2026-01-30
2026-02-02 21:02:07,926 INFO Verifying weekly picks
2026-02-02 21:02:07,934 INFO Weekly picks verification OK rows: 10
2026-02-02 21:02:07,935 INFO Running cleanup/archive of old generated files
2026-02-02 21:02:07,939 INFO Archived 0 files
2026-02-02 21:02:07,940 INFO === MASTER PIPELINE COMPLETED SUCCESSFULLY ===
2026-02-02 21:02:07,940 INFO Manifest: {'rows': 1251, 'unit_converted': False, 'clip_value': 0.5, 'date_min': '2021-01-27 00:00:00', 'date_max': '2026-01-20 00:00:00', 'long_rows': 839, 'short_rows': 412, 'generated_at': '2026-02-02T21:02:07.193736Z', 'method': 'aggregated_attribution', 'provenance': {'attribution_file': 'C:\\Quant\\data\\analytics\\attribution_quant_v2.parquet'}}
2026-02-02 21:02:07,940 INFO Archived files: []
2026-02-02 21:02:08,715 INFO Starting build_strategy_returns
2026-02-02 21:02:08,779 INFO Attribution appears aggregated; using aggregated attribution fallback
2026-02-02 21:02:08,824 INFO WROTE strategy returns (1251 rows) and manifest (method=aggregated_attribution)
2026-02-02 21:02:08,825 INFO Verifying strategy returns
2026-02-02 21:02:08,882 INFO Strategy final cum values: {'LONG_ONLY': 236.73374604180978, 'LONG_SHORT': -0.8905938112554276}
2026-02-02 21:02:08,882 INFO Strategy verification OK
2026-02-02 21:02:08,882 INFO Starting build_weekly_picks
2026-02-02 21:02:09,378 INFO WROTE weekly picks (10 rows) for 2026-01-30
2026-02-02 21:02:09,395 INFO Verifying weekly picks
2026-02-02 21:02:09,400 INFO Weekly picks verification OK rows: 10
2026-02-02 21:02:09,401 INFO Running cleanup/archive of old generated files
2026-02-02 21:02:09,404 INFO Archived 0 files
2026-02-02 21:02:09,406 INFO === MASTER PIPELINE COMPLETED SUCCESSFULLY ===
2026-02-02 21:02:09,406 INFO Manifest: {'rows': 1251, 'unit_converted': False, 'clip_value': 0.5, 'date_min': '2021-01-27 00:00:00', 'date_max': '2026-01-20 00:00:00', 'long_rows': 839, 'short_rows': 412, 'generated_at': '2026-02-02T21:02:08.823859Z', 'method': 'aggregated_attribution', 'provenance': {'attribution_file': 'C:\\Quant\\data\\analytics\\attribution_quant_v2.parquet'}}
2026-02-02 21:02:09,406 INFO Archived files: []
