2026-02-02 20:30:10,035 INFO === MASTER PIPELINE START ===
2026-02-02 20:30:10,122 INFO Newest data file: C:\Quant\data\analytics\quant_weekly_picks_quant_v1.parquet (age 0:09:38.589547)
2026-02-02 20:30:10,134 INFO Starting ingestion step
2026-02-02 20:30:10,324 INFO === MASTER PIPELINE START ===
2026-02-02 20:30:10,391 INFO Newest data file: C:\Quant\data\analytics\quant_weekly_picks_quant_v1.parquet (age 0:09:38.858504)
2026-02-02 20:30:10,392 INFO Starting ingestion step
2026-02-02 20:35:10,813 INFO Starting build_strategy_returns
2026-02-02 20:35:10,915 INFO Attribution appears aggregated; using aggregated attribution fallback
2026-02-02 20:35:10,985 INFO WROTE strategy returns (1251 rows) and manifest (method=aggregated_attribution)
2026-02-02 20:35:10,986 INFO Verifying strategy returns
2026-02-02 20:35:11,041 INFO Strategy final cum values: {'LONG_ONLY': 236.73374604180978, 'LONG_SHORT': -0.8905938112554276}
2026-02-02 20:35:11,041 INFO Strategy verification OK
2026-02-02 20:35:11,042 INFO Starting build_weekly_picks
2026-02-02 20:35:11,829 INFO Starting build_strategy_returns
2026-02-02 20:35:11,951 INFO Attribution appears aggregated; using aggregated attribution fallback
2026-02-02 20:35:12,025 INFO WROTE strategy returns (1251 rows) and manifest (method=aggregated_attribution)
2026-02-02 20:35:12,027 INFO Verifying strategy returns
2026-02-02 20:35:12,086 INFO WROTE weekly picks (10 rows) for 2026-01-30
73374604180978, 'LONG_SHORT': -0.8905938112554276}
2026-02-02 20:35:12,087 INFO Strategy verification OK
2026-02-02 20:35:12,087 INFO Starting build_weekly_picks
2026-02-02 20:35:12,126 INFO Verifying weekly picks
2026-02-02 20:35:12,142 INFO Weekly picks verification OK rows: 10
2026-02-02 20:35:12,143 INFO Running cleanup/archive of old generated files
2026-02-02 20:35:12,151 INFO Archived 0 files
2026-02-02 20:35:12,153 INFO === MASTER PIPELINE COMPLETED SUCCESSFULLY ===
2026-02-02 20:35:12,153 INFO Manifest: {'rows': 1251, 'unit_converted': False, 'clip_value': 0.5, 'date_min': '2021-01-27 00:00:00', 'date_max': '2026-01-20 00:00:00', 'long_rows': 839, 'short_rows': 412, 'generated_at': '2026-02-02T20:35:10.984068Z', 'method': 'aggregated_attribution', 'provenance': {'attribution_file': 'C:\\Quant\\data\\analytics\\attribution_quant_v2.parquet'}}
2026-02-02 20:35:12,154 INFO Archived files: []
2026-02-02 20:35:12,991 INFO WROTE weekly picks (10 rows) for 2026-01-30
2026-02-02 20:35:13,017 INFO Verifying weekly picks
2026-02-02 20:35:13,032 INFO Weekly picks verification OK rows: 10
2026-02-02 20:35:13,032 INFO Running cleanup/archive of old generated files
2026-02-02 20:35:13,037 INFO Archived 0 files
2026-02-02 20:35:13,038 INFO === MASTER PIPELINE COMPLETED SUCCESSFULLY ===
2026-02-02 20:35:13,039 INFO Manifest: {'rows': 1251, 'unit_converted': False, 'clip_value': 0.5, 'date_min': '2021-01-27 00:00:00', 'date_max': '2026-01-20 00:00:00', 'long_rows': 839, 'short_rows': 412, 'generated_at': '2026-02-02T20:35:12.023864Z', 'method': 'aggregated_attribution', 'provenance': {'attribution_file': 'C:\\Quant\\data\\analytics\\attribution_quant_v2.parquet'}}
2026-02-02 20:35:13,039 INFO Archived files: []
