2026-02-02 20:28:33,087 INFO === MASTER PIPELINE START ===
2026-02-02 20:28:33,142 INFO Newest data file: C:\Quant\data\analytics\quant_weekly_picks_quant_v1.parquet (age 0:08:01.608691)
2026-02-02 20:28:33,143 INFO Starting ingestion step
2026-02-02 20:28:33,344 INFO === MASTER PIPELINE START ===
2026-02-02 20:28:33,383 INFO Newest data file: C:\Quant\data\analytics\quant_weekly_picks_quant_v1.parquet (age 0:08:01.849730)
2026-02-02 20:28:33,385 INFO Starting ingestion step
2026-02-02 20:32:59,832 INFO Starting build_strategy_returns
2026-02-02 20:33:00,297 INFO Attribution appears aggregated; using aggregated attribution fallback
2026-02-02 20:33:00,902 INFO WROTE strategy returns (1251 rows) and manifest (method=aggregated_attribution)
2026-02-02 20:33:00,983 INFO Verifying strategy returns
2026-02-02 20:33:01,572 INFO Strategy final cum values: {'LONG_ONLY': 236.73374604180978, 'LONG_SHORT': -0.8905938112554276}
2026-02-02 20:33:01,885 INFO Strategy verification OK
2026-02-02 20:33:02,113 INFO Starting build_weekly_picks
2026-02-02 20:33:05,261 INFO WROTE weekly picks (10 rows) for 2026-01-30
2026-02-02 20:33:05,439 INFO Verifying weekly picks
2026-02-02 20:33:05,705 INFO Weekly picks verification OK rows: 10
2026-02-02 20:33:05,833 INFO Running cleanup/archive of old generated files
2026-02-02 20:33:06,258 INFO Archived 0 files
2026-02-02 20:33:06,602 INFO === MASTER PIPELINE COMPLETED SUCCESSFULLY ===
2026-02-02 20:33:06,836 INFO Manifest: {'rows': 1251, 'unit_converted': False, 'clip_value': 0.5, 'date_min': '2021-01-27 00:00:00', 'date_max': '2026-01-20 00:00:00', 'long_rows': 839, 'short_rows': 412, 'generated_at': '2026-02-02T20:33:00.900674Z', 'method': 'aggregated_attribution', 'provenance': {'attribution_file': 'C:\\Quant\\data\\analytics\\attribution_quant_v2.parquet'}}
2026-02-02 20:33:06,930 INFO Archived files: []
2026-02-02 20:33:18,277 INFO Starting build_strategy_returns
2026-02-02 20:33:19,093 INFO Attribution appears aggregated; using aggregated attribution fallback
2026-02-02 20:33:19,962 INFO WROTE strategy returns (1251 rows) and manifest (method=aggregated_attribution)
2026-02-02 20:33:19,977 INFO Verifying strategy returns
2026-02-02 20:33:20,149 INFO Strategy final cum values: {'LONG_ONLY': 236.73374604180978, 'LONG_SHORT': -0.8905938112554276}
2026-02-02 20:33:20,238 INFO Strategy verification OK
2026-02-02 20:33:20,529 INFO Starting build_weekly_picks
2026-02-02 20:33:23,352 INFO WROTE weekly picks (10 rows) for 2026-01-30
2026-02-02 20:33:23,472 INFO Verifying weekly picks
2026-02-02 20:33:23,542 INFO Weekly picks verification OK rows: 10
2026-02-02 20:33:23,571 INFO Running cleanup/archive of old generated files
2026-02-02 20:33:23,752 INFO Archived 0 files
2026-02-02 20:33:23,852 INFO === MASTER PIPELINE COMPLETED SUCCESSFULLY ===
2026-02-02 20:33:23,966 INFO Manifest: {'rows': 1251, 'unit_converted': False, 'clip_value': 0.5, 'date_min': '2021-01-27 00:00:00', 'date_max': '2026-01-20 00:00:00', 'long_rows': 839, 'short_rows': 412, 'generated_at': '2026-02-02T20:33:19.961513Z', 'method': 'aggregated_attribution', 'provenance': {'attribution_file': 'C:\\Quant\\data\\analytics\\attribution_quant_v2.parquet'}}
2026-02-02 20:33:24,055 INFO Archived files: []
