[2026-01-25 21:20:12 UTC] [master_pipeline_quant_v1] Starting master_pipeline_quant_v1 (v1.1)
[2026-01-25 21:20:12 UTC] [master_pipeline_quant_v1] Run timestamp: 2026-01-25 21:20:12 UTC
[2026-01-25 21:20:12 UTC] [master_pipeline_quant_v1] STEP 1 — Running legacy weekly pipeline
[2026-01-25 21:20:12 UTC] [master_pipeline_quant_v1] Running module: run_pipeline_10stock_weekly
[2026-01-25 21:28:11 UTC] [master_pipeline_quant_v1] Completed module: run_pipeline_10stock_weekly
[2026-01-25 21:28:11 UTC] [master_pipeline_quant_v1] STEP 2 — Running regime-aware analytics suite
[2026-01-25 21:28:11 UTC] [master_pipeline_quant_v1] Running module: analytics.regime_factor_weighting_quant_v1
[2026-01-25 21:30:18 UTC] [master_pipeline_quant_v1] Completed module: analytics.regime_factor_weighting_quant_v1
[2026-01-25 21:30:18 UTC] [master_pipeline_quant_v1] Running module: analytics.risk_regime_quant_v1
[2026-01-25 21:30:34 UTC] [master_pipeline_quant_v1] Completed module: analytics.risk_regime_quant_v1
[2026-01-25 21:30:34 UTC] [master_pipeline_quant_v1] Running module: analytics.factor_exposure_report_quant_v1
[2026-01-25 21:30:40 UTC] [master_pipeline_quant_v1] Completed module: analytics.factor_exposure_report_quant_v1
[2026-01-25 21:30:40 UTC] [master_pipeline_quant_v1] Running module: analytics.turnover_regime_quant_v1
[2026-01-25 21:30:40 UTC] [master_pipeline_quant_v1] Error in module analytics.turnover_regime_quant_v1: func is expected but received tuple in **kwargs.
Traceback (most recent call last):
  File "C:\Quant\scripts\master_pipeline_quant_v1.py", line 47, in run_module
    mod.main()
  File "C:\Quant\scripts\analytics\turnover_regime_quant_v1.py", line 71, in main
    .agg(avg_turnover=("turnover", "mean"))
     ^^^^^^^^^^^^^^^^^^^^^^^^^^^^^^^^^^^^^^
  File "C:\Users\Keith\AppData\Local\Programs\Python\Python312\Lib\site-packages\pandas\core\groupby\generic.py", line 237, in aggregate
    columns, func = validate_func_kwargs(kwargs)
                    ^^^^^^^^^^^^^^^^^^^^^^^^^^^^
  File "C:\Users\Keith\AppData\Local\Programs\Python\Python312\Lib\site-packages\pandas\core\apply.py", line 2031, in validate_func_kwargs
    raise TypeError(tuple_given_message.format(type(col_func).__name__))
TypeError: func is expected but received tuple in **kwargs.
