[2026-01-22 16:16:05 UTC] [position_sizing_engine_quant_v1] Starting Position Sizing Engine (Quant v1.0).
[2026-01-22 16:16:05 UTC] [position_sizing_engine_quant_v1] Loading current weights from C:\Quant\data\analytics\quant_portfolio_weights_ensemble_risk_longshort_v2_trading.csv
[2026-01-22 16:16:05 UTC] [position_sizing_engine_quant_v1] Loading target (neutral) weights from C:\Quant\data\analytics\quant_portfolio_weights_ensemble_risk_longshort_v2_trading_neutral.csv
[2026-01-22 16:16:05 UTC] [position_sizing_engine_quant_v1] Loading liquidity costs from C:\Quant\data\analytics\quant_liquidity_costs_timeseries.csv
[2026-01-22 16:16:06 UTC] [position_sizing_engine_quant_v1] Building tradable weights (Position Sizing Engine).
[2026-01-22 16:16:07 UTC] [position_sizing_engine_quant_v1] Optimising tradable weights for 2021-01-27 (502 names).
[2026-01-22 16:16:24 UTC] [position_sizing_engine_quant_v1] Optimisation failed for 2021-01-27: Iteration limit reached. Falling back to target weights.
[2026-01-22 16:16:24 UTC] [position_sizing_engine_quant_v1] Optimising tradable weights for 2021-01-28 (502 names).
[2026-01-22 16:16:40 UTC] [position_sizing_engine_quant_v1] Optimisation failed for 2021-01-28: Iteration limit reached. Falling back to target weights.
[2026-01-22 16:16:40 UTC] [position_sizing_engine_quant_v1] Optimising tradable weights for 2021-01-29 (502 names).
[2026-01-22 16:16:56 UTC] [position_sizing_engine_quant_v1] Optimisation failed for 2021-01-29: Iteration limit reached. Falling back to target weights.
[2026-01-22 16:16:56 UTC] [position_sizing_engine_quant_v1] Optimising tradable weights for 2021-02-01 (502 names).
[2026-01-22 16:17:12 UTC] [position_sizing_engine_quant_v1] Optimisation failed for 2021-02-01: Iteration limit reached. Falling back to target weights.
[2026-01-22 16:17:12 UTC] [position_sizing_engine_quant_v1] Optimising tradable weights for 2021-02-02 (502 names).
[2026-01-22 16:17:29 UTC] [position_sizing_engine_quant_v1] Optimisation failed for 2021-02-02: Iteration limit reached. Falling back to target weights.
[2026-01-22 16:17:29 UTC] [position_sizing_engine_quant_v1] Optimising tradable weights for 2021-02-03 (502 names).
[2026-01-22 16:17:45 UTC] [position_sizing_engine_quant_v1] Optimisation failed for 2021-02-03: Iteration limit reached. Falling back to target weights.
[2026-01-22 16:17:45 UTC] [position_sizing_engine_quant_v1] Optimising tradable weights for 2021-02-04 (502 names).
[2026-01-22 16:18:01 UTC] [position_sizing_engine_quant_v1] Optimisation failed for 2021-02-04: Iteration limit reached. Falling back to target weights.
[2026-01-22 16:18:01 UTC] [position_sizing_engine_quant_v1] Optimising tradable weights for 2021-02-05 (502 names).
[2026-01-22 16:18:18 UTC] [position_sizing_engine_quant_v1] Optimisation failed for 2021-02-05: Iteration limit reached. Falling back to target weights.
[2026-01-22 16:18:18 UTC] [position_sizing_engine_quant_v1] Optimising tradable weights for 2021-02-08 (502 names).
[2026-01-22 16:18:34 UTC] [position_sizing_engine_quant_v1] Optimisation failed for 2021-02-08: Iteration limit reached. Falling back to target weights.
[2026-01-22 16:18:34 UTC] [position_sizing_engine_quant_v1] Optimising tradable weights for 2021-02-09 (502 names).
[2026-01-22 16:18:54 UTC] [position_sizing_engine_quant_v1] Optimisation failed for 2021-02-09: Iteration limit reached. Falling back to target weights.
[2026-01-22 16:18:54 UTC] [position_sizing_engine_quant_v1] Optimising tradable weights for 2021-02-10 (502 names).
[2026-01-22 16:19:26 UTC] [position_sizing_engine_quant_v1] Optimisation failed for 2021-02-10: Iteration limit reached. Falling back to target weights.
[2026-01-22 16:19:26 UTC] [position_sizing_engine_quant_v1] Optimising tradable weights for 2021-02-11 (503 names).
[2026-01-22 16:20:00 UTC] [position_sizing_engine_quant_v1] Optimisation failed for 2021-02-11: Iteration limit reached. Falling back to target weights.
[2026-01-22 16:20:00 UTC] [position_sizing_engine_quant_v1] Optimising tradable weights for 2021-02-12 (503 names).
[2026-01-22 16:20:24 UTC] [position_sizing_engine_quant_v1] Optimisation failed for 2021-02-12: Iteration limit reached. Falling back to target weights.
[2026-01-22 16:20:24 UTC] [position_sizing_engine_quant_v1] Optimising tradable weights for 2021-02-15 (503 names).
[2026-01-22 16:20:54 UTC] [position_sizing_engine_quant_v1] Optimisation failed for 2021-02-15: Iteration limit reached. Falling back to target weights.
[2026-01-22 16:20:54 UTC] [position_sizing_engine_quant_v1] Optimising tradable weights for 2021-02-16 (503 names).
[2026-01-22 16:21:17 UTC] [position_sizing_engine_quant_v1] Optimisation failed for 2021-02-16: Iteration limit reached. Falling back to target weights.
[2026-01-22 16:21:17 UTC] [position_sizing_engine_quant_v1] Optimising tradable weights for 2021-02-17 (503 names).
[2026-01-22 16:21:33 UTC] [position_sizing_engine_quant_v1] Optimisation failed for 2021-02-17: Iteration limit reached. Falling back to target weights.
[2026-01-22 16:21:33 UTC] [position_sizing_engine_quant_v1] Optimising tradable weights for 2021-02-18 (503 names).
[2026-01-22 16:21:49 UTC] [position_sizing_engine_quant_v1] Optimisation failed for 2021-02-18: Iteration limit reached. Falling back to target weights.
[2026-01-22 16:21:49 UTC] [position_sizing_engine_quant_v1] Optimising tradable weights for 2021-02-19 (503 names).
[2026-01-22 16:22:06 UTC] [position_sizing_engine_quant_v1] Optimisation failed for 2021-02-19: Iteration limit reached. Falling back to target weights.
[2026-01-22 16:22:06 UTC] [position_sizing_engine_quant_v1] Optimising tradable weights for 2021-02-22 (503 names).
[2026-01-22 16:22:22 UTC] [position_sizing_engine_quant_v1] Optimisation failed for 2021-02-22: Iteration limit reached. Falling back to target weights.
[2026-01-22 16:22:22 UTC] [position_sizing_engine_quant_v1] Optimising tradable weights for 2021-02-23 (503 names).
[2026-01-22 16:22:39 UTC] [position_sizing_engine_quant_v1] Optimisation failed for 2021-02-23: Iteration limit reached. Falling back to target weights.
[2026-01-22 16:22:39 UTC] [position_sizing_engine_quant_v1] Optimising tradable weights for 2021-02-24 (503 names).
[2026-01-22 16:22:56 UTC] [position_sizing_engine_quant_v1] Optimisation failed for 2021-02-24: Iteration limit reached. Falling back to target weights.
[2026-01-22 16:22:56 UTC] [position_sizing_engine_quant_v1] Optimising tradable weights for 2021-02-25 (503 names).
[2026-01-22 16:23:13 UTC] [position_sizing_engine_quant_v1] Optimisation failed for 2021-02-25: Iteration limit reached. Falling back to target weights.
[2026-01-22 16:23:13 UTC] [position_sizing_engine_quant_v1] Optimising tradable weights for 2021-02-26 (503 names).
[2026-01-22 16:23:29 UTC] [position_sizing_engine_quant_v1] Optimisation failed for 2021-02-26: Iteration limit reached. Falling back to target weights.
[2026-01-22 16:23:29 UTC] [position_sizing_engine_quant_v1] Optimising tradable weights for 2021-03-01 (503 names).
[2026-01-22 16:23:45 UTC] [position_sizing_engine_quant_v1] Optimisation failed for 2021-03-01: Iteration limit reached. Falling back to target weights.
[2026-01-22 16:23:45 UTC] [position_sizing_engine_quant_v1] Optimising tradable weights for 2021-03-02 (503 names).
[2026-01-22 16:24:01 UTC] [position_sizing_engine_quant_v1] Optimisation failed for 2021-03-02: Iteration limit reached. Falling back to target weights.
[2026-01-22 16:24:01 UTC] [position_sizing_engine_quant_v1] Optimising tradable weights for 2021-03-03 (503 names).
[2026-01-22 16:24:17 UTC] [position_sizing_engine_quant_v1] Optimisation failed for 2021-03-03: Iteration limit reached. Falling back to target weights.
[2026-01-22 16:24:17 UTC] [position_sizing_engine_quant_v1] Optimising tradable weights for 2021-03-04 (503 names).
[2026-01-22 16:24:34 UTC] [position_sizing_engine_quant_v1] Optimisation failed for 2021-03-04: Iteration limit reached. Falling back to target weights.
[2026-01-22 16:24:34 UTC] [position_sizing_engine_quant_v1] Optimising tradable weights for 2021-03-05 (503 names).
[2026-01-22 16:24:50 UTC] [position_sizing_engine_quant_v1] Optimisation failed for 2021-03-05: Iteration limit reached. Falling back to target weights.
[2026-01-22 16:24:50 UTC] [position_sizing_engine_quant_v1] Optimising tradable weights for 2021-03-08 (503 names).
[2026-01-22 16:25:09 UTC] [position_sizing_engine_quant_v1] Optimisation failed for 2021-03-08: Iteration limit reached. Falling back to target weights.
[2026-01-22 16:25:09 UTC] [position_sizing_engine_quant_v1] Optimising tradable weights for 2021-03-09 (503 names).
[2026-01-22 16:25:35 UTC] [position_sizing_engine_quant_v1] Optimisation failed for 2021-03-09: Iteration limit reached. Falling back to target weights.
[2026-01-22 16:25:35 UTC] [position_sizing_engine_quant_v1] Optimising tradable weights for 2021-03-10 (503 names).
