[2026-01-23 12:55:38 UTC] [regime_classifier_quant_v1] Starting regime_classifier_quant_v1 run (v1.0).
[2026-01-23 12:55:38 UTC] [regime_classifier_quant_v1] Loading returns panel from C:\Quant\data\analytics\quant_returns_panel.csv
[2026-01-23 12:55:39 UTC] [regime_classifier_quant_v1] Loaded 1319 daily return observations.
[2026-01-23 12:55:39 UTC] [regime_classifier_quant_v1] Loading backtest PnL from C:\Quant\data\analytics\quant_backtest_pnl_v1.csv
[2026-01-23 12:55:39 UTC] [regime_classifier_quant_v1] Loaded 1301 backtest PnL observations.
[2026-01-23 12:55:39 UTC] [regime_classifier_quant_v1] Computing regime features (volatility and drawdown).
[2026-01-23 12:55:39 UTC] [regime_classifier_quant_v1] Classifying regimes.
[2026-01-23 12:55:39 UTC] [regime_classifier_quant_v1] Built regime states for 1301 dates.
[2026-01-23 12:55:39 UTC] [regime_classifier_quant_v1] Saving regime states to C:\Quant\data\analytics\quant_regime_states_v1.csv
[2026-01-23 12:55:39 UTC] [regime_classifier_quant_v1] regime_classifier_quant_v1 run completed successfully.
[2026-01-23 13:09:05 UTC] [regime_classifier_quant_v1] Starting regime_classifier_quant_v1 run (v1.0).
[2026-01-23 13:09:05 UTC] [regime_classifier_quant_v1] Loading returns panel from C:\Quant\data\analytics\quant_returns_panel.csv
[2026-01-23 13:09:06 UTC] [regime_classifier_quant_v1] Loaded 1319 daily return observations.
[2026-01-23 13:09:06 UTC] [regime_classifier_quant_v1] Loading backtest PnL from C:\Quant\data\analytics\quant_backtest_pnl_v1.csv
[2026-01-23 13:09:06 UTC] [regime_classifier_quant_v1] Loaded 1301 backtest PnL observations.
[2026-01-23 13:09:06 UTC] [regime_classifier_quant_v1] Computing regime features (volatility and drawdown).
[2026-01-23 13:09:06 UTC] [regime_classifier_quant_v1] Classifying regimes.
[2026-01-23 13:09:06 UTC] [regime_classifier_quant_v1] Built regime states for 1301 dates.
[2026-01-23 13:09:06 UTC] [regime_classifier_quant_v1] Saving regime states to C:\Quant\data\analytics\quant_regime_states_v1.csv
[2026-01-23 13:09:06 UTC] [regime_classifier_quant_v1] regime_classifier_quant_v1 run completed successfully.
